Log started at 02.10.2023	12:09:34
Number of used processors (NPROC): 8.
Number of mesh partitions (NPART): 8.
Total Physical Memory = 31.95 Gb, Available Physical Memory = 21.14 Gb
Computer name:	lab5-28
Operating system:	Windows 10 (Version 10.0.19045)

Commandline:	"C:\Program Files\SOLIDWORKS Corp\SOLIDWORKS Flow Simulation\BINCFW\efdsolver.exe" /config:"X:\Water pump project\Epic Gamer Pump\SolidWorks native\5\5.xmlconfig" /guid:9600c5d2-a79f-4778-a204-64550ad146da /processors:max /m /s /prjnamelm:"Flow Simulation 2023" /prjnamehabout:"Flow Simulation 2023" /companyname:"COSMOS Applications" /prjaliasid:1009 /lang:English /port:55188

SOLIDWORKS 2023 SP3.0
Flow Simulation 2023  x64 / 6002

Project: X:\Water pump project\Epic Gamer Pump\SolidWorks native\5\5.xmlconfig
Configuration name: Default
Project name: Project(2)
Problem type: external-type
Exclude cavities without flow conditions: ON
NGK: OFF
MBO: OFF
-----------------------------------------------------------------------
Mesher option run = eRunMesherNormal
-----------------------------------------------------------------------

Mesh generation started:	2.10.2023	12:9:34
-----------------------------------------------------------------------
Memory Working Set Current = 15.29 Mb, Memory Working Set Peak = 15.29 Mb
Memory Private Bytes Current = 16.23 Mb, Memory Private Bytes Peak = 16.23 Mb
Process Threads Number: 7
-----------------------------------------------------------------------
Mesher adjust APD = OFF; AdjustAPD_method=0; N_per_Channel = 0; N2_per_Channel = 0
Current CPU = 0 sec
-----------------------------------------------------------------------
Geometries initialization:
-----------------------------------------------------------------------
Loading mesh settings (global/local)...
-----------------------------------------------------------------------
Number of geometries from DB: 3
Number of rotation regions: 1
Geometry(0):
	Guid = {00000000-0000-0000-0000-000000000000}
	Fluid..
	2 Bodies.
	1 Real body.
	-- Bodyset 0 --
		Tolerance=1.34895e-05.
		144 Face(s).
			144 of b-spline type.
		144 Face(s) that have no ref faces
		23 Plane surface(s).
		95 Cylinder surface(s).
		10 Cone surface(s).
		7 Torus surface(s).
		9 B- surface(s).
		98738 Triangle(s).
		Getting triangle connectivities from DB: 0.007 s
		290 Edge(s).
			290 of b-spline type.
		BodyGeom reading: 0.133 s.
		98738 Reference Triangles.
		Getting triangle connectivities from DB (Ref): 0.007 s
		BodyGeom Ref reading: 0.013 s.
Geometry(1):
	Guid = {de24d9c0-bf9f-46b4-8a82-f5229dde8078}
	Fluid..
	2 Bodies.
	1 Real body.
	-- Bodyset 1 --
		Tolerance=1.34895e-05.
		87 Face(s).
			87 of b-spline type.
		76 Face(s) that have no ref faces
		44 Plane surface(s).
		4 Cylinder surface(s).
		4 Torus surface(s).
		34 B- surface(s).
		1 Revolved surface(s).
		178522 Triangle(s).
		Getting triangle connectivities from DB: 0.012 s
		258 Edge(s).
			258 of b-spline type.
		BodyGeom reading: 0.089 s.
		178510 Reference Triangles.
		Getting triangle connectivities from DB (Ref): 0.012 s
		BodyGeom Ref reading: 0.020 s.
Geometry(2):
	Guid = {00000000-0000-0000-0000-000000000000}
	Solid..
	1 Body.
	2 Real bodies.
	-- Bodyset 2 --
		Tolerance=1.34895e-05.
		221 Face(s).
			221 of b-spline type.
		0 Face(s) that have no ref faces
		61 Plane surface(s).
		97 Cylinder surface(s).
		10 Cone surface(s).
		9 Torus surface(s).
		43 B- surface(s).
		1 Revolved surface(s).
		238994 Triangle(s).
		Getting triangle connectivities from DB: 0.023 s
		540 Edge(s).
			540 of b-spline type.
		BodyGeom reading: 0.128 s.
		232312 Reference Triangles.
		Getting triangle connectivities from DB (Ref): 0.015 s
		BodyGeom Ref reading: 0.031 s.
-----------------------------------------------------------------------
Number of geometries in task: 3
	G : 0	Type: Fluid
	G : 1	Type: Fluid
	G : 2	Type: Solid
Number of bodysets   in task: 3
-----------------------------------------------------------------------
BodySet (0):
	Making hash and connectivity for Bodyset ...
		CBodyGeom:
		Hash size: {32, 10, 32}.
		Mesh size: {8, 5, 8}.
		Hashing triangles...Ok.
			axis(0) tr sizes: average=528 max=2211
			axis(1) tr sizes: average=213 max=1187
			axis(2) tr sizes: average=526 max=2179
		Number of t-connected sets:2 (cavity=0)
		CBodyGeomRef:
		Hashing triangles...Ok.
			axis(0) tr sizes: average=2998 max=9876
			axis(1) tr sizes: average=1888 max=4180
			axis(2) tr sizes: average=2991 max=10116
	0.0703 s.
BodySet (1):
	Making hash and connectivity for Bodyset ...
		CBodyGeom:
		Hash size: {32, 20, 32}.
		Mesh size: {8, 5, 8}.
		Hashing triangles...Ok.
			axis(0) tr sizes: average=449 max=5181
			axis(1) tr sizes: average=280 max=1592
			axis(2) tr sizes: average=448 max=5174
		Number of t-connected sets:3 (cavity=1)
		CBodyGeomRef:
		Hashing triangles...Ok.
			axis(0) tr sizes: average=6709 max=14263
			axis(1) tr sizes: average=3476 max=9142
			axis(2) tr sizes: average=6710 max=14124
	0.131 s.
BodySet (2):
	Making hash and connectivity for Bodyset ...
		CBodyGeom:
		Hash size: {32, 20, 32}.
		Mesh size: {8, 5, 8}.
		Hashing triangles...Ok.
			axis(0) tr sizes: average=596 max=5119
			axis(1) tr sizes: average=373 max=1926
			axis(2) tr sizes: average=593 max=5088
		Number of t-connected sets:3 (cavity=2)
		CBodyGeomRef:
		Hashing triangles...Ok.
			axis(0) tr sizes: average=7350 max=19550
			axis(1) tr sizes: average=4423 max=13211
			axis(2) tr sizes: average=7335 max=19434
	0.161 s.
Geometries reading and preparing has taken 0.713 s.
-----------------------------------------------------------------------
Mapped triangles:
Hashing rough geometry(bodies) triangulation:
BodySet (0):
	Triangles num=98738
	Triangles box={-0.0880622 ,0.0891683 ,-0.006 ,0.02 ,-0.0871247 ,0.0894793}
		3d-hash size is 470168 bytes
BodySet (1):
	Triangles num=178522
	Triangles box={-0.0914824 ,0.0923027 ,-0.00936687 ,0.0563599 ,-0.093425 ,0.091214}
		3d-hash size is 869508 bytes
BodySet (2):
	Triangles num=238994
	Triangles box={-0.0914824 ,0.0923027 ,-0.00936687 ,0.0563599 ,-0.093425 ,0.091214}
		3d-hash size is 1156656 bytes

Mapped triangles processed in 0.147 s.
-----------------------------------------------------------------------
-----------------------------------------------------------------------
Getting sectors:
Number of sectors: 0
-----------------------------------------------------------------------
-----------------------------------------------------------------------
Bodies:     3
Faces:      452
Edges:      1088
Triangles:  516254
-----------------------------------------------------------------------

Current CPU = 2 sec
-----------------------------------------------------------------------
Memory Working Set Current = 330.20 Mb, Memory Working Set Peak = 403.48 Mb
Memory Private Bytes Current = 334.89 Mb, Memory Private Bytes Peak = 406.27 Mb
Process Threads Number: 14
-----------------------------------------------------------------------
-----------------------------------------------------------------------
Checking faces on CD...
FCD = [0 0 0 0 0 0]
FCD_conflicts = 0
Time (check faces on CD)=0.001 s
-----------------------------------------------------------------------

-----------------------------------------------------------------------
Mesh dimensions:
				I[0 ]=8
				I[1 ]=5
				I[2 ]=8

Comp. domain size:
				a[0  ]=-0.091299
				a[1  ]=0.0921193
				a[2  ]=-0.00930128
				a[3  ]=0.0562943
				a[4  ]=-0.0932407
				a[5  ]=0.0910297

Fluid calculated			1
Solid calculated			0
-----------------------------------------------------------------------
MESH Build started...
-----------------------------------------------------------------------
Mesh LEVEL = 2
-----------------------------------------------------------------------
-----------------------------------------------------------------------
CPT-mode xeps:
	D / dh / eps [axis=0] = (0.183418, 0.00572116, 5.72116e-06)
	D / dh / eps [axis=1] = (0.0655956, 0.00293293, 2.93293e-06)
	D / dh / eps [axis=2] = (0.18427, 0.00561437, 5.61437e-06)
-----------------------------------------------------------------------
Initial allocation and brick-body-box intersection...OK (0.000 s)
Initial triangle brick intersection...OK (0.000 s)
Setting regions (320 / 320)...OK (0.000 s)
-----------------------------------------------------------------------
Base mesh info:
	3D task
	Nx=8
	Ny=5
	Nz=8
	N(Nx*Ny*Nz) = 40
	Period    axis=[0, 0, 0]
	Symmetry  ni=[0 0 0 0 0 0]
	ZoomingBC ni=[0 0 0 0 0 0]
	Nx=8
		x[0]=-0.091299
		x[1]=-0.068329
		x[2]=-0.0453662
		x[3]=-0.0224035
		x[4]=0.000559282
		x[5]=0.0234511
		x[6]=0.0463429
		x[7]=0.0692347
		x[8]=0.0921193
	Ny=5
		y[0]=-0.00930128
		y[1]=0.00651518
		y[2]=0.0197342
		y[3]=0.0314659
		y[4]=0.0436482
		y[5]=0.0562943
	Nz=8
		z[0]=-0.0932407
		z[1]=-0.0696303
		z[2]=-0.0460254
		z[3]=-0.0224204
		z[4]=0.00118454
		z[5]=0.0236469
		z[6]=0.0461096
		z[7]=0.0685723
		z[8]=0.0910297
-----------------------------------------------------------------------
Input_mesh_settings--------------------------------
Settings 0----------------
	Scope: GLOBAL
	Type:	------MESHER_SETTINGS----------
	RefAllCells           =0
	RefFluidCells         =0
	RefPartCells          =0
	RefSolidCells         =0
	l_SSFR(Capture crit)  =2
	l_curv(Curvature crit)=0
	l_tol(Tolerance crit) =2
	  k_tol               =0.00674474
	UseChannelRef         =1
	  NCR_method          =0
	  l_NCR               =2
	  N_gap               =5
	  Use d_NCR_min       =0
	  Use d_NCR_max       =0
	CloseThinSlotsHeight         =0
	--END_OF_MESHER_SETTINGS-------
End of input mesh settings-------------------------
-----------------------------------------------------------------------
Memory Working Set Current = 330.85 Mb, Memory Working Set Peak = 403.48 Mb
Memory Private Bytes Current = 335.60 Mb, Memory Private Bytes Peak = 406.27 Mb
Process Threads Number: 14
-----------------------------------------------------------------------
MMP (msh): locals=1, allc_sz=0.06 MB, used_sz=0.04 MB, blks-min-max=4/4
MMP (brx): locals=8, allc_sz=0.12 MB, used_sz=0.05 MB, blks-min-max=1/1
MMP (bcf): locals=0, allc_sz=0.00 MB, used_sz=0.00 MB, blks-min-max=0/0
MMP (xsl): locals=0, allc_sz=0.00 MB, used_sz=0.00 MB, blks-min-max=0/0
NxNyNz = [8, 5, 8]
base_dx=0.0196934; 
NxNyNz_reverse = [9, 3, 9]

-----------------------------------------------------------------------
Refining geometries:
-----------------------------------------------------------------------

-----------------------------------------------------------------------
Refining by triangulation...
Refinement input: 320 bricks
	Checking crit (320 / 320)...108 marked (0.601 s)
	Time(refinement): 0.000 s
Setting regions (864 / 1076)...OK (0.000 s)
	Checking crit (864 / 1076)...308 marked (0.379 s)
	Time(refinement): 0.000 s
Setting regions (2848 / 3568)...OK (0.000 s)
	Checking crit (384 / 3568)...0 marked (0.029 s)
Refinement result (2 iterations): 3568 bricks (1.010 s)
Refinement input: 3568 bricks
	Checking crit (1104 / 3568)...0 marked (0.009 s)
Refinement result (0 iterations): 3568 bricks (0.010 s)
Collecting and processing rays:
	Adding rays...OK (0.000 s)
	new bricks = 3568 / 3568
	new rays   = 1507 (x=330, y=841, z=336)
	Processing rays...
		Rays process:  0.146 (0.322) s
		Sort xstacks:  0.000 (0.000) s
		Put xstacks:   0.001 (0.002) s
		Total:         0.147 s
	Correcting rays...
		Lame vertices: 0.001 (0.004) s
		Bad rays:      0.000 (0.000) s
		Emit rays:     0.000 (0.000) s
		Correct ray f: 0.000 (0.000) s
		Undef:         0.000 (0.000) s
		Sum:           0.001 (0.004) s
		Total:         0.002 s
	Time (rays): 0.149 s
Capturing (3568 / 3568)...OK (0.001 s)
Refining by triangulation takes 1.171 s
-----------------------------------------------------------------------

-----------------------------------------------------------------------
Refining peculiar surfaces...
Collecting and processing rays:
	Adding rays...OK (0.000 s)
	new bricks = 0 / 3568
	new rays   = 0 (x=0, y=0, z=0)
	Processing rays...
		Rays process:  0.000 (0.000) s
		Sort xstacks:  0.000 (0.000) s
		Put xstacks:   0.000 (0.000) s
		Total:         0.000 s
	Correcting rays...
		Total:         0.000 s
	Time (rays): 0.000 s
Capturing (0 / 3568)...OK (0.000 s)
0 surfaces refined
Refining peculiar surfaces takes 0.001 s
-----------------------------------------------------------------------

-----------------------------------------------------------------------
Base mesh 1 Refining...
Collecting and processing rays:
	Adding rays...OK (0.000 s)
	new bricks = 0 / 3568
	new rays   = 0 (x=0, y=0, z=0)
	Processing rays...
		Rays process:  0.000 (0.000) s
		Sort xstacks:  0.000 (0.000) s
		Put xstacks:   0.000 (0.000) s
		Total:         0.000 s
	Correcting rays...
		Total:         0.000 s
	Time (rays): 0.000 s
Capturing (0 / 3568)...OK (0.000 s)
Refinement input: 3568 bricks
	Checking crit (1104 / 3568)...0 marked (0.000 s)
Refinement result (0 iterations): 3568 bricks (0.000 s)
-----------------------------------------------------------------------
Refining channels...
FYI: CNarrowChannelRefiner::RefineChannels_PRLL
Refinement input: 3568 bricks
	Time(refinement): 0.000 s
Setting regions (320 / 3848)...OK (0.000 s)
Refinement result (1 iterations): 3848 bricks (0.001 s)
Collecting and processing rays:
	Adding rays...OK (0.000 s)
	new bricks = 320 / 3848
	new rays   = 12 (x=1, y=10, z=1)
	Processing rays...
		Rays process:  0.000 (0.001) s
		Sort xstacks:  0.000 (0.000) s
		Put xstacks:   0.000 (0.000) s
		Total:         0.000 s
	Correcting rays...
		Lame vertices: 0.000 (0.000) s
		Bad rays:      0.000 (0.000) s
		Emit rays:     0.000 (0.000) s
		Correct ray f: 0.000 (0.000) s
		Undef:         0.000 (0.000) s
		Sum:           0.000 (0.000) s
		Total:         0.000 s
	Time (rays): 0.001 s
Capturing (320 / 3848)...OK (0.000 s)
FYI: m_iteration_count = 0
FYI: level1 statistics:
     level1_cnt_plus[1]=320;		level1_cnt_minus[1]=0
     level1_cnt_plus[2]=0;		level1_cnt_minus[2]=0
     level1_cnt_plus[3]=0;		level1_cnt_minus[3]=0
     level1_cnt_plus[4]=0;		level1_cnt_minus[4]=0
     level1_cnt_plus[5]=0;		level1_cnt_minus[5]=0
     level1_cnt_plus[6]=0;		level1_cnt_minus[6]=0
     level1_cnt_plus[7]=0;		level1_cnt_minus[7]=0
     level1_cnt_plus[8]=0;		level1_cnt_minus[8]=0
     level1_cnt_plus[9]=0;		level1_cnt_minus[9]=0
Refinement input: 3848 bricks
	Time(refinement): 0.000 s
Setting regions (48 / 3890)...OK (0.000 s)
Refinement result (1 iterations): 3890 bricks (0.001 s)
Collecting and processing rays:
	Adding rays...OK (0.000 s)
	new bricks = 48 / 3890
	new rays   = 0 (x=0, y=0, z=0)
	Processing rays...
		Rays process:  0.000 (0.000) s
		Sort xstacks:  0.000 (0.000) s
		Put xstacks:   0.000 (0.000) s
		Total:         0.000 s
	Correcting rays...
		Total:         0.000 s
	Time (rays): 0.000 s
Capturing (48 / 3890)...OK (0.000 s)
FYI: m_iteration_count = 1
FYI: level1 statistics:
     level1_cnt_plus[1]=368;		level1_cnt_minus[1]=0
     level1_cnt_plus[2]=0;		level1_cnt_minus[2]=0
     level1_cnt_plus[3]=0;		level1_cnt_minus[3]=0
     level1_cnt_plus[4]=0;		level1_cnt_minus[4]=0
     level1_cnt_plus[5]=0;		level1_cnt_minus[5]=0
     level1_cnt_plus[6]=0;		level1_cnt_minus[6]=0
     level1_cnt_plus[7]=0;		level1_cnt_minus[7]=0
     level1_cnt_plus[8]=0;		level1_cnt_minus[8]=0
     level1_cnt_plus[9]=0;		level1_cnt_minus[9]=0
Refinement input: 3890 bricks
	Time(refinement): 0.000 s
Setting regions (16 / 3904)...OK (0.000 s)
Refinement result (1 iterations): 3904 bricks (0.000 s)
Collecting and processing rays:
	Adding rays...OK (0.000 s)
	new bricks = 16 / 3904
	new rays   = 0 (x=0, y=0, z=0)
	Processing rays...
		Rays process:  0.000 (0.000) s
		Sort xstacks:  0.000 (0.000) s
		Put xstacks:   0.000 (0.000) s
		Total:         0.000 s
	Correcting rays...
		Total:         0.000 s
	Time (rays): 0.000 s
Capturing (16 / 3904)...OK (0.000 s)
FYI: m_iteration_count = 2
FYI: level1 statistics:
     level1_cnt_plus[1]=384;		level1_cnt_minus[1]=0
     level1_cnt_plus[2]=0;		level1_cnt_minus[2]=0
     level1_cnt_plus[3]=0;		level1_cnt_minus[3]=0
     level1_cnt_plus[4]=0;		level1_cnt_minus[4]=0
     level1_cnt_plus[5]=0;		level1_cnt_minus[5]=0
     level1_cnt_plus[6]=0;		level1_cnt_minus[6]=0
     level1_cnt_plus[7]=0;		level1_cnt_minus[7]=0
     level1_cnt_plus[8]=0;		level1_cnt_minus[8]=0
     level1_cnt_plus[9]=0;		level1_cnt_minus[9]=0
Refinement input: 3904 bricks
	Time(refinement): 0.000 s
Setting regions (8 / 3911)...OK (0.000 s)
Refinement result (1 iterations): 3911 bricks (0.000 s)
Collecting and processing rays:
	Adding rays...OK (0.000 s)
	new bricks = 8 / 3911
	new rays   = 0 (x=0, y=0, z=0)
	Processing rays...
		Rays process:  0.000 (0.000) s
		Sort xstacks:  0.000 (0.000) s
		Put xstacks:   0.000 (0.000) s
		Total:         0.000 s
	Correcting rays...
		Total:         0.000 s
	Time (rays): 0.000 s
Capturing (8 / 3911)...OK (0.000 s)
FYI: m_iteration_count = 3
FYI: level1 statistics:
     level1_cnt_plus[1]=392;		level1_cnt_minus[1]=0
     level1_cnt_plus[2]=0;		level1_cnt_minus[2]=0
     level1_cnt_plus[3]=0;		level1_cnt_minus[3]=0
     level1_cnt_plus[4]=0;		level1_cnt_minus[4]=0
     level1_cnt_plus[5]=0;		level1_cnt_minus[5]=0
     level1_cnt_plus[6]=0;		level1_cnt_minus[6]=0
     level1_cnt_plus[7]=0;		level1_cnt_minus[7]=0
     level1_cnt_plus[8]=0;		level1_cnt_minus[8]=0
     level1_cnt_plus[9]=0;		level1_cnt_minus[9]=0
FYI: m_iteration_count = 4
FYI: level1 statistics:
     level1_cnt_plus[1]=392;		level1_cnt_minus[1]=0
     level1_cnt_plus[2]=0;		level1_cnt_minus[2]=0
     level1_cnt_plus[3]=0;		level1_cnt_minus[3]=0
     level1_cnt_plus[4]=0;		level1_cnt_minus[4]=0
     level1_cnt_plus[5]=0;		level1_cnt_minus[5]=0
     level1_cnt_plus[6]=0;		level1_cnt_minus[6]=0
     level1_cnt_plus[7]=0;		level1_cnt_minus[7]=0
     level1_cnt_plus[8]=0;		level1_cnt_minus[8]=0
     level1_cnt_plus[9]=0;		level1_cnt_minus[9]=0
Refinement input: 3911 bricks
	Time(refinement): 0.000 s
Setting regions (1088 / 4863)...OK (0.000 s)
Refinement result (1 iterations): 4863 bricks (0.001 s)
Collecting and processing rays:
	Adding rays...OK (0.000 s)
	new bricks = 1088 / 4863
	new rays   = 23 (x=9, y=9, z=5)
	Processing rays...
		Rays process:  0.000 (0.000) s
		Sort xstacks:  0.000 (0.000) s
		Put xstacks:   0.000 (0.000) s
		Total:         0.000 s
	Correcting rays...
		Lame vertices: 0.001 (0.002) s
		Bad rays:      0.000 (0.000) s
		Emit rays:     0.000 (0.000) s
		Correct ray f: 0.000 (0.000) s
		Undef:         0.000 (0.000) s
		Sum:           0.001 (0.002) s
		Total:         0.001 s
	Time (rays): 0.002 s
Capturing (1088 / 4863)...OK (0.001 s)
FYI: m_iteration_count = 5
FYI: level1 statistics:
     level1_cnt_plus[1]=1480;		level1_cnt_minus[1]=0
     level1_cnt_plus[2]=0;		level1_cnt_minus[2]=0
     level1_cnt_plus[3]=0;		level1_cnt_minus[3]=0
     level1_cnt_plus[4]=0;		level1_cnt_minus[4]=0
     level1_cnt_plus[5]=0;		level1_cnt_minus[5]=0
     level1_cnt_plus[6]=0;		level1_cnt_minus[6]=0
     level1_cnt_plus[7]=0;		level1_cnt_minus[7]=0
     level1_cnt_plus[8]=0;		level1_cnt_minus[8]=0
     level1_cnt_plus[9]=0;		level1_cnt_minus[9]=0
FYI: m_iteration_count = 6
FYI: level1 statistics:
     level1_cnt_plus[1]=1480;		level1_cnt_minus[1]=0
     level1_cnt_plus[2]=0;		level1_cnt_minus[2]=0
     level1_cnt_plus[3]=0;		level1_cnt_minus[3]=0
     level1_cnt_plus[4]=0;		level1_cnt_minus[4]=0
     level1_cnt_plus[5]=0;		level1_cnt_minus[5]=0
     level1_cnt_plus[6]=0;		level1_cnt_minus[6]=0
     level1_cnt_plus[7]=0;		level1_cnt_minus[7]=0
     level1_cnt_plus[8]=0;		level1_cnt_minus[8]=0
     level1_cnt_plus[9]=0;		level1_cnt_minus[9]=0
FYI: level1 statistics:
     level1_cnt_plus[1]=1480;		level1_cnt_minus[1]=0
     level1_cnt_plus[2]=0;		level1_cnt_minus[2]=0
     level1_cnt_plus[3]=0;		level1_cnt_minus[3]=0
     level1_cnt_plus[4]=0;		level1_cnt_minus[4]=0
     level1_cnt_plus[5]=0;		level1_cnt_minus[5]=0
     level1_cnt_plus[6]=0;		level1_cnt_minus[6]=0
     level1_cnt_plus[7]=0;		level1_cnt_minus[7]=0
     level1_cnt_plus[8]=0;		level1_cnt_minus[8]=0
     level1_cnt_plus[9]=0;		level1_cnt_minus[9]=0
Refining channels...
FYI: CNarrowChannelRefiner::RefineChannels_PRLL
Refinement input: 4863 bricks
	Time(refinement): 0.000 s
Setting regions (96 / 4947)...OK (0.000 s)
Refinement result (1 iterations): 4947 bricks (0.001 s)
Collecting and processing rays:
	Adding rays...OK (0.000 s)
	new bricks = 96 / 4947
	new rays   = 0 (x=0, y=0, z=0)
	Processing rays...
		Rays process:  0.000 (0.000) s
		Sort xstacks:  0.000 (0.000) s
		Put xstacks:   0.000 (0.000) s
		Total:         0.000 s
	Correcting rays...
		Total:         0.000 s
	Time (rays): 0.000 s
Capturing (96 / 4947)...OK (0.000 s)
FYI: m_iteration_count = 0
FYI: level1 statistics:
     level1_cnt_plus[1]=3222;		level1_cnt_minus[1]=0
     level1_cnt_plus[2]=96;		level1_cnt_minus[2]=0
     level1_cnt_plus[3]=0;		level1_cnt_minus[3]=0
     level1_cnt_plus[4]=0;		level1_cnt_minus[4]=0
     level1_cnt_plus[5]=0;		level1_cnt_minus[5]=0
     level1_cnt_plus[6]=0;		level1_cnt_minus[6]=0
     level1_cnt_plus[7]=0;		level1_cnt_minus[7]=0
     level1_cnt_plus[8]=0;		level1_cnt_minus[8]=0
     level1_cnt_plus[9]=0;		level1_cnt_minus[9]=0
FYI: m_iteration_count = 1
FYI: level1 statistics:
     level1_cnt_plus[1]=3222;		level1_cnt_minus[1]=0
     level1_cnt_plus[2]=96;		level1_cnt_minus[2]=0
     level1_cnt_plus[3]=0;		level1_cnt_minus[3]=0
     level1_cnt_plus[4]=0;		level1_cnt_minus[4]=0
     level1_cnt_plus[5]=0;		level1_cnt_minus[5]=0
     level1_cnt_plus[6]=0;		level1_cnt_minus[6]=0
     level1_cnt_plus[7]=0;		level1_cnt_minus[7]=0
     level1_cnt_plus[8]=0;		level1_cnt_minus[8]=0
     level1_cnt_plus[9]=0;		level1_cnt_minus[9]=0
FYI: m_iteration_count = 2
FYI: level1 statistics:
     level1_cnt_plus[1]=3222;		level1_cnt_minus[1]=0
     level1_cnt_plus[2]=96;		level1_cnt_minus[2]=0
     level1_cnt_plus[3]=0;		level1_cnt_minus[3]=0
     level1_cnt_plus[4]=0;		level1_cnt_minus[4]=0
     level1_cnt_plus[5]=0;		level1_cnt_minus[5]=0
     level1_cnt_plus[6]=0;		level1_cnt_minus[6]=0
     level1_cnt_plus[7]=0;		level1_cnt_minus[7]=0
     level1_cnt_plus[8]=0;		level1_cnt_minus[8]=0
     level1_cnt_plus[9]=0;		level1_cnt_minus[9]=0
FYI: level1 statistics:
     level1_cnt_plus[1]=3222;		level1_cnt_minus[1]=0
     level1_cnt_plus[2]=96;		level1_cnt_minus[2]=0
     level1_cnt_plus[3]=0;		level1_cnt_minus[3]=0
     level1_cnt_plus[4]=0;		level1_cnt_minus[4]=0
     level1_cnt_plus[5]=0;		level1_cnt_minus[5]=0
     level1_cnt_plus[6]=0;		level1_cnt_minus[6]=0
     level1_cnt_plus[7]=0;		level1_cnt_minus[7]=0
     level1_cnt_plus[8]=0;		level1_cnt_minus[8]=0
     level1_cnt_plus[9]=0;		level1_cnt_minus[9]=0

-----------------------------------------------------------------------
U-shapes refinement...
Refinement input: 4947 bricks
	Checking crit (1043 / 4947)...0 marked (0.000 s)
Refinement result (0 iterations): 4947 bricks (0.000 s)
Collecting and processing rays:
	Adding rays...OK (0.000 s)
	new bricks = 0 / 4947
	new rays   = 0 (x=0, y=0, z=0)
	Processing rays...
		Rays process:  0.000 (0.000) s
		Sort xstacks:  0.000 (0.000) s
		Put xstacks:   0.000 (0.000) s
		Total:         0.000 s
	Correcting rays...
		Total:         0.000 s
	Time (rays): 0.000 s
Capturing (0 / 4947)...OK (0.000 s)
-----------------------------------------------------------------------

-----------------------------------------------------------------------
Equi Distant Refiner:
Equi Distant Refiner takes 0.00 s
-----------------------------------------------------------------------

/-Ray Intersection---------------/ Time	1.142 s
Calls                4626
CorrectRay Calls     0



-----------------------------------------------------------------------
Refining geometries takes 1.883 s
-----------------------------------------------------------------------
-----------------------------------------------------------------------
Memory Working Set Current = 380.75 Mb, Memory Working Set Peak = 403.48 Mb
Memory Private Bytes Current = 389.88 Mb, Memory Private Bytes Peak = 406.27 Mb
Process Threads Number: 14
-----------------------------------------------------------------------
Defect ray count	0
FYI: CNarrowChannelRefiner::RedistributeLevel1_step_1: is started
FYI: CNarrowChannelRefiner::RedistributeLevel1_step_1: is finished (0.002 s)
FYI: level1 statistics:
     level1_cnt_plus[1]=1943;		level1_cnt_minus[1]=0
     level1_cnt_plus[2]=1375;		level1_cnt_minus[2]=0
     level1_cnt_plus[3]=0;		level1_cnt_minus[3]=0
     level1_cnt_plus[4]=0;		level1_cnt_minus[4]=0
     level1_cnt_plus[5]=0;		level1_cnt_minus[5]=0
     level1_cnt_plus[6]=0;		level1_cnt_minus[6]=0
     level1_cnt_plus[7]=0;		level1_cnt_minus[7]=0
     level1_cnt_plus[8]=0;		level1_cnt_minus[8]=0
     level1_cnt_plus[9]=0;		level1_cnt_minus[9]=0
FYI: CNarrowChannelRefiner::RedistributeLevel1_step_2: is started
FYI: CNarrowChannelRefiner::RedistributeLevel1_step_2: is finished (0.071 s)
FYI: level1 statistics:
     level1_cnt_plus[1]=2008;		level1_cnt_minus[1]=0
     level1_cnt_plus[2]=1385;		level1_cnt_minus[2]=0
     level1_cnt_plus[3]=0;		level1_cnt_minus[3]=0
     level1_cnt_plus[4]=0;		level1_cnt_minus[4]=0
     level1_cnt_plus[5]=0;		level1_cnt_minus[5]=0
     level1_cnt_plus[6]=0;		level1_cnt_minus[6]=0
     level1_cnt_plus[7]=0;		level1_cnt_minus[7]=0
     level1_cnt_plus[8]=0;		level1_cnt_minus[8]=0
     level1_cnt_plus[9]=0;		level1_cnt_minus[9]=0
FYI: CNarrowChannelRefiner::RedistributeLevel1_step_3: is started
FYI: CNarrowChannelRefiner::RedistributeLevel1_step_3: is finished (0.002 s)
RedistributeLevel1 takes:
FYI: level1 statistics:
     level1_cnt_plus[1]=2008;		level1_cnt_minus[1]=1327
     level1_cnt_plus[2]=1385;		level1_cnt_minus[2]=43
     level1_cnt_plus[3]=0;		level1_cnt_minus[3]=0
     level1_cnt_plus[4]=0;		level1_cnt_minus[4]=0
     level1_cnt_plus[5]=0;		level1_cnt_minus[5]=0
     level1_cnt_plus[6]=0;		level1_cnt_minus[6]=0
     level1_cnt_plus[7]=0;		level1_cnt_minus[7]=0
     level1_cnt_plus[8]=0;		level1_cnt_minus[8]=0
     level1_cnt_plus[9]=0;		level1_cnt_minus[9]=0
-----------------------------------------------------------------------
MSH format builder (Iteration 0)
-----------------------------------------------------------------------
Memory Working Set Current = 380.92 Mb, Memory Working Set Peak = 403.48 Mb
Memory Private Bytes Current = 390.00 Mb, Memory Private Bytes Peak = 406.27 Mb
Process Threads Number: 14
-----------------------------------------------------------------------
Total bricks count: 4947
-----------------------------------------------------------------------
MSH (Real Geometry) format constructor:
	Geom    Count = 3
	Bodyset Count = 3
	3D task
	Getting brick sets...OK (0.000 s)

	Min x-stack xeps = 5.73387e-06
	D / dh / eps [axis=0] = (0.183418, 0.00572116, 1.91129e-06)
	D / dh / eps [axis=1] = (0.0655956, 0.00330475, 1.91129e-06)
	D / dh / eps [axis=2] = (0.18427, 0.00561437, 1.91129e-06)
	Time (xeps): 0.000 s
Level 2
	Set (0)  size: 1952
	Set (0)  time: 0.165 s
	Set (1)  size: 1952
	Set (1)  time: 0.176 s
Level 1
	Set (0)  size: 449
	Set (0)  time: 0.007 s
	Set (1)  size: 447
	Set (1)  time: 0.007 s
Level 0
	Set (0)  size: 74
	Set (0)  time: 0.000 s
	Set (1)  size: 73
	Set (1)  time: 0.000 s

	Spread npq bricks...14 marked (0.000 s)

Result:
	Bricks number:                        4947

	Memory usage:                         4.255 MB
	Memory usage (per brick):             0.881 KB
	Construction time:                    0.357 s

	Topology features:
	------------------
	- High quality bricks                   99.27 % (4911)
	- Medium quality bricks                  0.73 % (36)
	- Bad quality bricks                     0.00 % (0)
	- NPQ bricks                             1.80 % (89)
	- Type-1 bricks                         72.91 % (3607)
	- Ribs corrected bricks                  0.00 % (0)
	- Points with geom-info (bricks)         1.46 % (72)
	- Points with closest-info (bricks)      0.00 % (0)
	- Triangulated by center (bricks)        1.56 % (77)
	- Facet w-faces mergings (bricks)        0.00 % (0)
	- To refine (bricks)                     0.00 % (0)
	- Points-count                           0.00 % (0)
	- T-self-intersection-all (bricks)       0.00 % (0)
	- T-self-intersection-simple (bricks)    0.00 % (0)
	- T-self-intersection-complex (bricks)   0.00 % (0)
	- NPQ by reason 1 u-shape                0.26 % (13)
	- NPQ by reason 2 tri-by-ctr             0.81 % (40)
	- NPQ by reason 3 ray-correction         0.00 % (0)
	- NPQ by reason 4 t-self-intersection    0.00 % (0)
	- NPQ by reason 5 non-good               0.73 % (36)
	- NPQ by reason 6 npq-worker             0.00 % (0)

-----------------------------------------------------------------------
Memory Working Set Current = 418.38 Mb, Memory Working Set Peak = 418.38 Mb
Memory Private Bytes Current = 427.38 Mb, Memory Private Bytes Peak = 427.38 Mb
Process Threads Number: 14
-----------------------------------------------------------------------
-----------------------------------------------------------------------
msh-iterations: 1
-----------------------------------------------------------------------
high---q-brick-count =  99.27 % (4947 4911)
medium-q-brick-count =   0.73 % (4947 36)
bad----q-brick-count =   0.00 % (4947 0)
np-----q-brick-count =   2.08 % (4947 103)
-----------------------------------------------------------------------
Free brick parser storage...OK(0.001 s)
-----------------------------------------------------------------------
Memory Working Set Current = 418.43 Mb, Memory Working Set Peak = 418.43 Mb
Memory Private Bytes Current = 427.38 Mb, Memory Private Bytes Peak = 427.38 Mb
Process Threads Number: 14
-----------------------------------------------------------------------
-----------------------------------------------------------------------
MSH --> BCF format (Iteration 0)...
BCF collector...(remove mode=0)
	Time (alloc counter per brick): 0.000 s
	Brick    count: 4947
	Av.f all count: 8371
	Av.s all count: 5174
	Av.f pid count: 7165
	Av.s pid count: 5040
	Faces fs count: 17587
	Faces ff count: 2368
	Faces ss count: 0
	Faces bb count: 0
	Faces fe count: 819
	Faces se count: 0
	Faces fw count: 20774
	Faces af count: 20104
	Faces as count: 12853
	Time (all count): 	0.002 s
	Time (bcf alloc): 	0.001 s
	Time (shifts alloc): 	0.000 s
	Time (shifts init): 	0.000 s
	Time (bcf fill): 	0.003 s
	Time (add av to faces): 0.000 s
	Time (add faces to av): 0.002 s
Time (bcf collect): 		0.009 s
	AV checker...
		Hole marker...
			Subdomains:               3.
			Subdomains (cond):        6.
			Time (sd):      0.001 s.
			Time (sd_cond): 0.001 s.
			Time (potential-hole marking): 	0.000 s
			Time (hole checking): 0.000 s.
			0 av(s) are marked to fill subdomain holes.
		Time (hole marker): 0.002 s.
	Time (check av): 	0.004 s
	Subdomain checker...
		Subdomains construction time: 0.001 s.
		Subdomains sort time: 0.000 s.
			Subdomain 0 (geom_ind=0): 4333 av
			Subdomain 1 (geom_ind=0): 6 av
			Subdomain 2 (geom_ind=1): 4032 av
			Subdomain 3 (geom_ind=2): 2793 av
			Subdomain 4 (geom_ind=2): 2381 av
		gi: 0, real bodies: 1
		gi: 0, subdomains:  2
		Defect subdomains by real bodies count: 1
		gi: 1, real bodies: 1
		gi: 1, subdomains:  1
		gi: 2, real bodies: 2
		gi: 2, subdomains:  2
		Defect subdomains: 1
	Time (check subdoms): 	0.002 s
Free bcf...            OK	Time=0.000 s
	Time (corr msh): 	0.000 s
	Bricks corrected: 6
Time (bcf iteration total): 	0.016 s
-----------------------------------------------------------------------
MSH --> BCF format (Iteration 1)...
BCF collector...(remove mode=0)
	Time (alloc counter per brick): 0.000 s
	Brick    count: 4947
	Av.f all count: 8365
	Av.s all count: 5174
	Av.f pid count: 7159
	Av.s pid count: 5038
	Faces fs count: 17567
	Faces ff count: 2368
	Faces ss count: 0
	Faces bb count: 0
	Faces fe count: 819
	Faces se count: 0
	Faces fw count: 20754
	Faces af count: 20097
	Faces as count: 12859
	Time (all count): 	0.002 s
	Time (bcf alloc): 	0.000 s
	Time (shifts alloc): 	0.000 s
	Time (shifts init): 	0.000 s
	Time (bcf fill): 	0.003 s
	Time (add av to faces): 0.000 s
	Time (add faces to av): 0.002 s
Time (bcf collect): 		0.008 s
	AV checker...
		Hole marker...
			Subdomains:               2.
			Subdomains (cond):        5.
			Time (sd):      0.001 s.
			Time (sd_cond): 0.001 s.
			Time (potential-hole marking): 	0.000 s
			Time (hole checking): 0.000 s.
			0 av(s) are marked to fill subdomain holes.
		Time (hole marker): 0.002 s.
	Time (check av): 	0.004 s
	Subdomain checker...
		Subdomains construction time: 0.001 s.
		Subdomains sort time: 0.000 s.
			Subdomain 0 (geom_ind=0): 4333 av
			Subdomain 1 (geom_ind=1): 4032 av
			Subdomain 2 (geom_ind=2): 2793 av
			Subdomain 3 (geom_ind=2): 2381 av
		gi: 0, real bodies: 1
		gi: 0, subdomains:  1
		gi: 1, real bodies: 1
		gi: 1, subdomains:  1
		gi: 2, real bodies: 2
		gi: 2, subdomains:  2
		Defect subdomains: 0
	Time (check subdoms): 	0.002 s
Time (bcf iteration total): 	0.014 s
	Time (fw-nb): 		0.003 s
	Fixed mutual fw-nb:     11895 (bb: 0)
	Time (fw-nb mutual): 	0.001 s
	Time (fw-nb sort): 	0.000 s
	Fw-opt BEFORE total:    20754 (fs=17567, ff=2368, ss=0)
	Fw-opt AFTER  total:    14371 (fs=11731, ff=1821, ss=0, failed fw/br=33/8, big_curv=174, big_poly=9)
	Fw-opt RESULT:          6383 (res/(fs+ff+ss) = 32.92 %)
	Time (fw-opt): 		0.004 s
	Time (fw-re-order): 	0.001 s
	Time (fw-nb): 		0.027 s
	Fixed mutual fw-nb:     28412 (bb: 0)
	Time (fw-nb mutual): 	0.002 s
	Time (fw-nb sort): 	0.000 s
	Time (rfd fix): 	0.000 s
	Time (av convexity): 	0.004 s
	Time (av small volume): 0.000 s
	Time (diagonal fw-nb): 	0.027 s
	Fixed mutual fw-nb:     0 (bb: 0)
	Time (fw-nb mutual): 	0.001 s
	Time (fw-nb sort): 	0.001 s
	Fluid subdomains: 2
	Faces fw-nb diff sd:    0
	Time (fw-nb diff sd): 	0.002 s
Time (bcf calc): 		0.077 s
-----------------------------------------------------------------------
Time (bcf total): 		0.108 s
-----------------------------------------------------------------------
bcf-iterations: 2
-----------------------------------------------------------------------
-----------------------------------------------------------------------
Mega-cv constructor for fluid...
	 2275 av's is treated as thin
Relative size generator (threshold = 0.05)...
	Iteration 1 (small cluster count = 645)
	Iteration 2 (small cluster count = 237)
	Iteration 3 (small cluster count = 59)
	Iteration 4 (small cluster count = 14)
	Iteration 5 (small cluster count = 0)
	 601 mega-cv's generated
	 11 mega-cv's removed
Relative size generator is completed OK (0.002 s)
Apply fa-rules to mega-cv clusters fixes...
	Fa-rule violation fixes:       20 of       20 (total cluster# =      593)
OK (0.002 s)
There are 1 clusters with nbrs connected in more than one axis
Convert clusters:
	 592 mega-cv's total
Mega-cv count: 592
Time (mega-cv fill): 	0.001 s
Time (mega-cv total): 	0.009 s
-----------------------------------------------------------------------
Mixing plane rotation regions: FOUND.
Sliding mesh rotation regions: NO.
Fluid/fluid faces: FOUND.

-----------------------------------------------------------------------
Rings Cutter:

Fluid Subdom Constructor: 2 subdom(s).
Subdom 0: I_87=0, cv_count=4333.
Subdom 1: I_87=1, cv_count=4032.
Rotating subdomains: 1
Number of ff faces in defect connections: 0
Curves of rotation: 1
Rings: 54
Time(init_rings) = 0.001 s

1821 ff-faces cutting into...9262 ff-faces.
Time(cutting) = 0.016 s
Closest rings additions to ff-faces: 0 occurrences.
Double-polygons: 0, 0 new dbl-faces.
Set new ff-faces to mesh...
	Time (fw-nb): 		0.046 s
	Fixed mutual fw-nb:     0 (bb: 0)
	Time (fw-nb mutual): 	0.002 s
	Time (fw-nb sort): 	0.001 s
Time(insert new faces) = 0.054 s
Time(av/cv recalculation params): 0.006 s, 0.000 s
AV Max Disbalance(Const) :        9.96424e-10 (cid=4053, t={23, 3, 27}, avid=12826, pid=4369)
AV Max Disbalance(Linear):        2.09798e-09 (cid=4330, t={23, 4, 27}, avid=13161, pid=4687)
Time(rings) = 0.081 s
-----------------------------------------------------------------------

-----------------------------------------------------------------------
Memory Working Set Current = 435.63 Mb, Memory Working Set Peak = 437.77 Mb
Memory Private Bytes Current = 442.95 Mb, Memory Private Bytes Peak = 445.33 Mb
Process Threads Number: 14
-----------------------------------------------------------------------
----------------------------------------------------------
BCF --> BCF.GEOMSUBDOM (bridge arrays):
MESH (0):
	Fluid Subdom Constructor: 2 subdom(s).
	Solid Subdom Constructor: 2 subdom(s).
	Net Asm Subdom Constructor: 0 subdom(s).
	GEOMSUBDOM (0): gi=0 Fluid av=4333 cv=4080 fa=11136 fb=0 fw=10300 V=1.789244e-03
	Cache data...OK
	GEOMSUBDOM (1): gi=1 Fluid av=4032 cv=3636 fa=8961 fb=0 fw=11512 V=1.285655e-04
	Cache data...OK
	GEOMSUBDOM (2): gi=2 Solid av=2793 cv=2793 fa=7389 fb=0 fw=4850 V=2.145274e-04
	Cache data...OK
	GEOMSUBDOM (3): gi=2 Solid av=2381 cv=2381 fa=5470 fb=0 fw=6881 V=8.469901e-05
	Cache data...OK
	Setting nb of w-faces...OK (0.004 s).
	Correcting nb of w-faces...
	Time(correct_fw_nb)=0.003 s

MESH (0) checking:
	GEOMSUBDOM (0):fa_s=0.4109117083787122 fb_s=0.0000000000000000 fw_s=0.2533966402511566 fw_nb=63826
	              :d_const(2602)=3.57004e-11 d_linear(2568)=1.50191e-10
	GEOMSUBDOM (1):fa_s=0.0801795293868780 fb_s=0.0000000000000000 fw_s=0.1277485339333495 fw_nb=76032
	              :d_const(3583)=9.1601e-11 d_linear(3583)=2.9736e-10
	GEOMSUBDOM (2):fa_s=0.1106892865466783 fb_s=0.0000000000000000 fw_s=0.0971138143531256 fw_nb=41514
	              :d_const(2577)=1.64089e-11 d_linear(1380)=1.28166e-10
	GEOMSUBDOM (3):fa_s=0.0469811177616349 fb_s=0.0000000000000000 fw_s=0.0873003312220103 fw_nb=60086
	              :d_const(2303)=9.96424e-10 d_linear(2338)=2.09798e-09
MESH (0) checking: OK.
Time (MDS): 	0.020 s
----------------------------------------------------------
-----------------------------------------------------------------------
Memory Working Set Current = 440.85 Mb, Memory Working Set Peak = 440.86 Mb
Memory Private Bytes Current = 448.83 Mb, Memory Private Bytes Peak = 448.83 Mb
Process Threads Number: 14
-----------------------------------------------------------------------

-----------------------------------------------------------------------
BCF CHECKSUM DATA (Mesh 0):

BRICK |Level1| Sum:               6191
FACE_A Area Sum:   G.Fluid        0.4910912377655902
FACE_A Area Sum:   G.Solid        0.1576704043083132
FACE_W Area Sum:                  0.3811451741845061
FACE_W Nb   Sum:                  181012
FACE_W min curvatures sum:        -525227.37268537
FACE_W max curvatures sum:        13058193.49984160
AV Max Disbalance(Const) :        9.96424e-10 (cid=4053, t={23, 3, 27}, avid=12826, pid=4369)
AV Max Disbalance(Linear):        2.09798e-09 (cid=4330, t={23, 4, 27}, avid=13161, pid=4687)
-----------------------------------------------------------------------


-----------------------------------------------------------------------
MESHER TOPOLOGY DATA:

BRICKS: Total                 4947
BRICKS: Fluid                 4811
BRICKS: Fluid Partial         3605
BRICKS: Type 1                3605
BRICKS: Max AV number         7

AV:     G.Total               13539
AV:     G.Fluid               8365
AV:     G.Solid               5174

AV:     G.Fluid Thin Profile   34.66 % (2899)
AV:     G.Solid Thin Profile   33.53 % (1735)

AV:     G.Fluid Thin For Mega  27.42 % (2294)
AV:     G.Solid Thin For Mega  17.86 % (924)

AV:     G.Fluid Non-Convex     38.19 % (3195)
AV:     G.Solid Non-Convex     49.59 % (2566)

AV:     G.Fluid Non-Ess-Convex     22.16 % (1854)
AV:     G.Solid Non-Ess-Convex     35.45 % (1834)

FACE_A: G.Fluid          (af) 20097 (partially opened 14905)
FACE_A: G.Solid          (as) 12859 (partially opened 11057)

FACE_B: G.Total          (b)  0

FACE_W: G.Total                 21812       Brick/Bound
FACE_W: G.Fluid/Solid    (fs_g) 11731       0           
FACE_W: G.Fluid/Fluid    (ff_g) 9262        0           
FACE_W: G.Solid/Solid    (ss_g) 0           0           
FACE_W: G.Fluid/Void     (fv_g) 0           0           
FACE_W: G.Fluid/External (fe_g) 819
FACE_W: G.Solid/External (se_g) 0

AV/CV max fa count (on brick side):5
AV/CV max fw count:                5
AV/CV max fb count:                0
AV/CV max fw poly count:           31

MEMORY: Total                   7.276 MB
MEMORY: Per Brick               1.506 KB
-----------------------------------------------------------------------

-----------------------------------------------------------------------
Connectivities information:
	Number of conns: 0
-----------------------------------------------------------------------
	Time (gap size): 	0.073 s
-----------------------------------------------------------------------
Memory Working Set Current = 441.42 Mb, Memory Working Set Peak = 441.43 Mb
Memory Private Bytes Current = 449.74 Mb, Memory Private Bytes Peak = 449.74 Mb
Process Threads Number: 14
-----------------------------------------------------------------------
-----------------------------------------------------------------------
Calculating curvature and tolerance criteria...
Curvature: min=0 (cid=0) max=3.14159 (cid=21)
Tolerance: min=0 (cid=0) max=0.00578317 (cid=409)
Calculating curvature and tolerance criteria takes 0.440 s
-----------------------------------------------------------------------
MESH Build(FS) finished. Time=3.064 s
-----------------------------------------------------------------------
Current CPU = 5 sec

Nx=8
Ny=5
Nz=8
Max BRICK Level=2
Mesh Level=2
-----------------CModelBodies2MeshMapper::CollectData started -------------------------------
	Time (collect mesh base data): 0.005 s.
	Time (collect model bodies mapping): 0.000 s.
	Time (collect positive bodies mapping): 0.000 s.
	Time (collect fluid bodies mapping): 0.000 s.
-----------------CModelBodies2MeshMapper Report -------------------------------
FluidDomains 2 SolidDomains 2 VoidDomains 0 
Domains RefIndexes
----------------- -------------------------------
	ModelBodies
Total resolved Bodies 3 BodySets 2
BodySet 0
	Bodies list:
			#0	Name: Impeller-1/Cut-Extrude1;	ID: 1cb6b13f-921e-420f-99ba-a1cab008bb02
	Domains list:mesh type	 (0, 1)		 3 

BodySet 1
	Bodies list:
			#0	Name: Housing-1/Fillet5;	ID: 38bf17b6-7afe-4e89-a2cc-0120a359a667
			#1	Name: Part3^Main assembly-1/CirPattern1;	ID: 8a81b5dd-41a1-4b83-aaaf-d19a95f60ca7
	Domains list:mesh type	 (0, 1)		 2 


--------------------------------------------------------------------------
	Positive geometry Bodies
Total resolved Bodies 4 BodySets 4
BodySet 0
	Bodies list:
			#0	Name: ;	ID: 6f7cfa9b-13bc-4d73-a7ab-dbea86efc77d
	Domains list:mesh type	 (0, 1)		 0 

BodySet 1
	Bodies list:
			#0	Name: ;	ID: 46bc0db3-57b3-49f7-8295-a80cf90b49dc
	Domains list:mesh type	 (0, 1)		 1 

BodySet 2
	Bodies list:
			#0	Name: ;	ID: 725bb547-6dec-44d0-a702-d1d133632567
	Domains list:mesh type	 (0, 1)		 2 

BodySet 3
	Bodies list:
			#0	Name: ;	ID: 6b0f703b-461a-4c51-a2bd-aed8bd9b2643
	Domains list:mesh type	 (0, 1)		 3 


--------------------------------------------------------------------------
	Fluid regions
Total resolved Bodies 2 BodySets 1
BodySet 0	Material: Water; 
	Bodies list:
			#0	Name: ;	ID: 6f7cfa9b-13bc-4d73-a7ab-dbea86efc77d
			#1	Name: ;	ID: 46bc0db3-57b3-49f7-8295-a80cf90b49dc
	Domains list:mesh type	 (0, 1)		 0 		 1 


--------------------------------------------------------------------------
Collect data takes...0.009 s
-----------------CModelBodies2MeshMapper::CollectData finished successfully-------------------
Saving initial mesh in: X:\Water pump project\Epic Gamer Pump\SolidWorks native\5\5.fld .
Storing results...
	Estimated CPT size=3.870 MB.
	Time (write bcf): 2.939 s
Storing results takes 3.311 s
-----------------------------------------------------------------------
Memory Working Set Current = 443.17 Mb, Memory Working Set Peak = 443.17 Mb
Memory Private Bytes Current = 451.12 Mb, Memory Private Bytes Peak = 451.12 Mb
Process Threads Number: 14
-----------------------------------------------------------------------
Cleaning memory...
-----------------------------------------------------------------------
Start to free mesher data...
MMP (msh): locals=8, allc_sz=0.84 MB, used_sz=0.69 MB, blks-min-max=4/6
MMP (brx): locals=8, allc_sz=8.00 MB, used_sz=7.25 MB, blks-min-max=14/15
MMP (bcf): locals=8, allc_sz=19.30 MB, used_sz=17.51 MB, blks-min-max=14/40
MMP (xsl): locals=8, allc_sz=0.92 MB, used_sz=0.80 MB, blks-min-max=3/8
Free xsl...            OK	Time=0.000 s
Free ray collector...  OK	Time=0.000 s
Free ray intersector...OK	Time=0.000 s
Free body sets...      OK	Time=0.073 s
Free Geometry DB takes 0.000 s
Free mesh conn...      OK	Time=0.000 s
Free geomsd...         OK	Time=0.000 s
Free mbricks...        OK	Time=0.000 s
Free hash info...      OK	Time=0.000 s
Free bricks-x...       OK	Time=0.000 s
Free bcf...            OK	Time=0.001 s
Free mesh h...         OK	Time=0.000 s
Free bricks arr..      OK	Time=0.000 s
Free bricks tree...    OK	Time=0.000 s
Free mesh pools...     OK	Time=0.004 s
Free bodies mapper...  OK	Time=0.000 s
Free geom crits...     OK	Time=0.000 s
Free cpt regions...    OK	Time=0.000 s
Free peculiar surfs... OK	Time=0.000 s
Free sw-geometries...  OK	Time=0.000 s
Total free mesher data time: 0.081 s
-----------------------------------------------------------------------
Copying... OK
CPT size=4.414 MB (4628887 bytes).
Mesh generation normally finished at	2.10.2023	12:9:42
Mesher CPU = 8 sec
Mesher is finished at	2.10.2023	12:9:42
-----------------------------------------------------------------------
Memory Working Set Current = 66.79 Mb, Memory Working Set Peak = 443.17 Mb
Memory Private Bytes Current = 72.39 Mb, Memory Private Bytes Peak = 451.12 Mb
Process Threads Number: 14
-----------------------------------------------------------------------
Algebra Pool      : mem_usage = 0.19 Mb, allocated count = 0
-----------------------------------------------------------------------
Memory Working Set Current = 66.62 Mb, Memory Working Set Peak = 443.17 Mb
Memory Private Bytes Current = 72.27 Mb, Memory Private Bytes Peak = 451.12 Mb
Process Threads Number: 14
Process Threads Number Peak: 14
-----------------------------------------------------------------------
Log ended at 02.10.2023	12:09:42
