Log started at 01.10.2023	21:10:33
Number of used processors (NPROC): 4.
Number of mesh partitions (NPART): 4.
Total Physical Memory = 8.00 Gb, Available Physical Memory = 1.27 Gb
Computer name:	ENGMAN02-4
Operating system:	Windows 10 (Version 10.0.19045)

Commandline:	"C:\Program Files\SOLIDWORKS Corp\SOLIDWORKS Flow Simulation\BINCFW\efdsolver.exe" /config:"X:\Water pump project\Epic Gamer Pump\SolidWorks native\2\2.xmlconfig" /guid:93716170-0827-45ea-891a-6e2627d21d0a /processors:max /m /s /prjnamelm:"Flow Simulation 2023" /prjnamehabout:"Flow Simulation 2023" /companyname:"COSMOS Applications" /prjaliasid:1009 /lang:English /port:55590

SOLIDWORKS 2023 SP3.0
Flow Simulation 2023  x64 / 6002

Project: X:\Water pump project\Epic Gamer Pump\SolidWorks native\2\2.xmlconfig
Configuration name: Default
Project name: Project(1)
Problem type: external-type
Exclude cavities without flow conditions: ON
NGK: OFF
MBO: OFF
-----------------------------------------------------------------------
Mesher option run = eRunMesherNormal
-----------------------------------------------------------------------

Mesh generation started:	1.10.2023	21:10:33
-----------------------------------------------------------------------
Memory Working Set Current = 15.40 Mb, Memory Working Set Peak = 15.40 Mb
Memory Private Bytes Current = 16.18 Mb, Memory Private Bytes Peak = 16.18 Mb
Process Threads Number: 7
-----------------------------------------------------------------------
Mesher adjust APD = OFF; AdjustAPD_method=0; N_per_Channel = 0; N2_per_Channel = 0
Current CPU = 0 sec
-----------------------------------------------------------------------
Geometries initialization:
-----------------------------------------------------------------------
Loading mesh settings (global/local)...
-----------------------------------------------------------------------
Number of geometries from DB: 3
Number of rotation regions: 1
Geometry(0):
	Guid = {00000000-0000-0000-0000-000000000000}
	Fluid..
	2 Bodies.
	1 Real body.
	-- Bodyset 0 --
		Tolerance=1.34895e-05.
		141 Face(s).
			141 of b-spline type.
		141 Face(s) that have no ref faces
		21 Plane surface(s).
		94 Cylinder surface(s).
		10 Cone surface(s).
		6 Torus surface(s).
		9 B- surface(s).
		1 Revolved surface(s).
		92258 Triangle(s).
		Getting triangle connectivities from DB: 0.012 s
		288 Edge(s).
			288 of b-spline type.
		BodyGeom reading: 0.078 s.
		92258 Reference Triangles.
		Getting triangle connectivities from DB (Ref): 0.011 s
		BodyGeom Ref reading: 0.023 s.
Geometry(1):
	Guid = {1061c68d-fdc4-4b9e-8bed-64b2b239e835}
	Fluid..
	1 Body.
	1 Real body.
	-- Bodyset 1 --
		Tolerance=1.34895e-05.
		82 Face(s).
			82 of b-spline type.
		70 Face(s) that have no ref faces
		42 Plane surface(s).
		3 Cylinder surface(s).
		3 Torus surface(s).
		34 B- surface(s).
		147220 Triangle(s).
		Getting triangle connectivities from DB: 0.019 s
		254 Edge(s).
			254 of b-spline type.
		BodyGeom reading: 0.144 s.
		157827 Reference Triangles.
		Getting triangle connectivities from DB (Ref): 0.020 s
		BodyGeom Ref reading: 0.054 s.
Geometry(2):
	Guid = {00000000-0000-0000-0000-000000000000}
	Solid..
	2 Bodies.
	1 Real body.
	-- Bodyset 2 --
		Tolerance=1.34895e-05.
		215 Face(s).
			215 of b-spline type.
		0 Face(s) that have no ref faces
		55 Plane surface(s).
		97 Cylinder surface(s).
		10 Cone surface(s).
		9 Torus surface(s).
		43 B- surface(s).
		1 Revolved surface(s).
		241090 Triangle(s).
		Getting triangle connectivities from DB: 0.054 s
		528 Edge(s).
			528 of b-spline type.
		BodyGeom reading: 0.315 s.
		258157 Reference Triangles.
		Getting triangle connectivities from DB (Ref): 0.073 s
		BodyGeom Ref reading: 0.116 s.
-----------------------------------------------------------------------
Number of geometries in task: 3
	G : 0	Type: Fluid
	G : 1	Type: Fluid
	G : 2	Type: Solid
Number of bodysets   in task: 3
-----------------------------------------------------------------------
BodySet (0):
	Making hash and connectivity for Bodyset ...
		CBodyGeom:
		Hash size: {32, 10, 32}.
		Mesh size: {8, 5, 8}.
		Hashing triangles...Ok.
			axis(0) tr sizes: average=478 max=3124
			axis(1) tr sizes: average=186 max=1187
			axis(2) tr sizes: average=465 max=3061
		Number of t-connected sets:2 (cavity=0)
		CBodyGeomRef:
		Hashing triangles...Ok.
			axis(0) tr sizes: average=2761 max=9486
			axis(1) tr sizes: average=1725 max=4284
			axis(2) tr sizes: average=2737 max=9350
	0.0942 s.
BodySet (1):
	Making hash and connectivity for Bodyset ...
		CBodyGeom:
		Hash size: {32, 20, 32}.
		Mesh size: {8, 5, 8}.
		Hashing triangles...Ok.
			axis(0) tr sizes: average=369 max=6813
			axis(1) tr sizes: average=229 max=1569
			axis(2) tr sizes: average=370 max=7960
		Number of t-connected sets:2 (cavity=1)
		CBodyGeomRef:
		Hashing triangles...Ok.
			axis(0) tr sizes: average=6230 max=12418
			axis(1) tr sizes: average=3096 max=6988
			axis(2) tr sizes: average=6231 max=12880
	0.186 s.
BodySet (2):
	Making hash and connectivity for Bodyset ...
		CBodyGeom:
		Hash size: {32, 20, 32}.
		Mesh size: {8, 5, 8}.
		Hashing triangles...Ok.
			axis(0) tr sizes: average=835 max=4547
			axis(1) tr sizes: average=498 max=1796
			axis(2) tr sizes: average=826 max=5446
		Number of t-connected sets:2 (cavity=0)
		CBodyGeomRef:
		Hashing triangles...Ok.
			axis(0) tr sizes: average=8037 max=21077
			axis(1) tr sizes: average=4893 max=13979
			axis(2) tr sizes: average=8017 max=21096
	0.282 s.
Geometries reading and preparing has taken 1.366 s.
-----------------------------------------------------------------------
Mapped triangles:
Hashing rough geometry(bodies) triangulation:
BodySet (0):
	Triangles num=92258
	Triangles box={-0.0903306 ,0.0868999 ,-0.00942723 ,0.0165728 ,-0.0864212 ,0.0901828}
		3d-hash size is 425084 bytes
BodySet (1):
	Triangles num=147220
	Triangles box={-0.1002 ,0.1002 ,-0.01006 ,0.05006 ,-0.1002 ,0.1002}
		3d-hash size is 720816 bytes
BodySet (2):
	Triangles num=241090
	Triangles box={-0.0903306 ,0.0868999 ,-0.00942723 ,0.0165728 ,-0.0864212 ,0.0901828}
		3d-hash size is 1144632 bytes

Mapped triangles processed in 0.217 s.
-----------------------------------------------------------------------
-----------------------------------------------------------------------
Getting sectors:
Number of sectors: 0
-----------------------------------------------------------------------
-----------------------------------------------------------------------
Bodies:     3
Faces:      438
Edges:      1070
Triangles:  480568
-----------------------------------------------------------------------

Current CPU = 2 sec
-----------------------------------------------------------------------
Memory Working Set Current = 314.56 Mb, Memory Working Set Peak = 382.04 Mb
Memory Private Bytes Current = 318.32 Mb, Memory Private Bytes Peak = 386.31 Mb
Process Threads Number: 10
-----------------------------------------------------------------------
-----------------------------------------------------------------------
Checking faces on CD...
FCD = [0 0 0 0 0 0]
FCD_conflicts = 0
Time (check faces on CD)=0.002 s
-----------------------------------------------------------------------

-----------------------------------------------------------------------
Mesh dimensions:
				I[0 ]=8
				I[1 ]=5
				I[2 ]=8

Comp. domain size:
				a[0  ]=-0.1
				a[1  ]=0.1
				a[2  ]=-0.01
				a[3  ]=0.05
				a[4  ]=-0.1
				a[5  ]=0.1

Fluid calculated			1
Solid calculated			0
-----------------------------------------------------------------------
MESH Build started...
-----------------------------------------------------------------------
Mesh LEVEL = 2
-----------------------------------------------------------------------
-----------------------------------------------------------------------
CPT-mode xeps:
	D / dh / eps [axis=0] = (0.2, 0.00614273, 6.14273e-06)
	D / dh / eps [axis=1] = (0.06, 0.00271411, 2.71411e-06)
	D / dh / eps [axis=2] = (0.2, 0.00613093, 6.13093e-06)
-----------------------------------------------------------------------
Initial allocation and brick-body-box intersection...OK (0.000 s)
Initial triangle brick intersection...OK (0.001 s)
Setting regions (320 / 320)...OK (0.000 s)
-----------------------------------------------------------------------
Base mesh info:
	3D task
	Nx=8
	Ny=5
	Nz=8
	N(Nx*Ny*Nz) = 40
	Period    axis=[0, 0, 0]
	Symmetry  ni=[0 0 0 0 0 0]
	ZoomingBC ni=[0 0 0 0 0 0]
	Nx=8
		x[0]=-0.1
		x[1]=-0.0754213
		x[2]=-0.0508504
		x[3]=-0.0262795
		x[4]=-0.00170855
		x[5]=0.0237208
		x[6]=0.0491499
		x[7]=0.0745789
		x[8]=0.1
	Ny=5
		y[0]=-0.01
		y[1]=0.00315728
		y[2]=0.016311
		y[3]=0.0271674
		y[4]=0.0383942
		y[5]=0.05
	Nz=8
		z[0]=-0.1
		z[1]=-0.0745235
		z[2]=-0.0490529
		z[3]=-0.0235822
		z[4]=0.00188843
		z[5]=0.0264176
		z[6]=0.0509469
		z[7]=0.0754763
		z[8]=0.1
-----------------------------------------------------------------------
Input_mesh_settings--------------------------------
Settings 0----------------
	Scope: GLOBAL
	Type:	------MESHER_SETTINGS----------
	RefAllCells           =0
	RefFluidCells         =0
	RefPartCells          =0
	RefSolidCells         =0
	l_SSFR(Capture crit)  =2
	l_curv(Curvature crit)=0
	l_tol(Tolerance crit) =2
	  k_tol               =0.00674474
	UseChannelRef         =1
	  NCR_method          =0
	  l_NCR               =2
	  N_gap               =5
	  Use d_NCR_min       =0
	  Use d_NCR_max       =0
	CloseThinSlotsHeight         =0
	--END_OF_MESHER_SETTINGS-------
End of input mesh settings-------------------------
-----------------------------------------------------------------------
Memory Working Set Current = 315.01 Mb, Memory Working Set Peak = 382.04 Mb
Memory Private Bytes Current = 318.73 Mb, Memory Private Bytes Peak = 386.31 Mb
Process Threads Number: 10
-----------------------------------------------------------------------
MMP (msh): locals=1, allc_sz=0.06 MB, used_sz=0.04 MB, blks-min-max=4/4
MMP (brx): locals=4, allc_sz=0.10 MB, used_sz=0.05 MB, blks-min-max=1/2
MMP (bcf): locals=0, allc_sz=0.00 MB, used_sz=0.00 MB, blks-min-max=0/0
MMP (xsl): locals=0, allc_sz=0.00 MB, used_sz=0.00 MB, blks-min-max=0/0
NxNyNz = [8, 5, 8]
base_dx=0.0206667; 
NxNyNz_reverse = [10, 3, 10]

-----------------------------------------------------------------------
Refining geometries:
-----------------------------------------------------------------------

-----------------------------------------------------------------------
Refining by triangulation...
Refinement input: 320 bricks
	Checking crit (320 / 320)...88 marked (0.819 s)
	Time(refinement): 0.000 s
Setting regions (704 / 936)...OK (0.000 s)
	Checking crit (704 / 936)...283 marked (0.461 s)
	Time(refinement): 0.000 s
Setting regions (2728 / 3323)...OK (0.000 s)
	Checking crit (464 / 3323)...0 marked (0.043 s)
Refinement result (2 iterations): 3323 bricks (1.325 s)
Refinement input: 3323 bricks
	Checking crit (1059 / 3323)...0 marked (0.014 s)
Refinement result (0 iterations): 3323 bricks (0.014 s)
Collecting and processing rays:
	Adding rays...OK (0.001 s)
	new bricks = 3323 / 3323
	new rays   = 1391 (x=324, y=738, z=329)
	Processing rays...
		Rays process:  0.264 (0.556) s
		Sort xstacks:  0.000 (0.000) s
		Put xstacks:   0.001 (0.001) s
		Total:         0.281 s
	Correcting rays...
		Lame vertices: 0.002 (0.006) s
		Bad rays:      0.000 (0.000) s
		Emit rays:     0.000 (0.000) s
		Correct ray f: 0.000 (0.000) s
		Undef:         0.000 (0.000) s
		Sum:           0.002 (0.006) s
		Total:         0.003 s
	Time (rays): 0.285 s
Capturing (3323 / 3323)...OK (0.002 s)
Refining by triangulation takes 1.627 s
-----------------------------------------------------------------------

-----------------------------------------------------------------------
Refining peculiar surfaces...
Collecting and processing rays:
	Adding rays...OK (0.000 s)
	new bricks = 0 / 3323
	new rays   = 0 (x=0, y=0, z=0)
	Processing rays...
		Rays process:  0.000 (0.000) s
		Sort xstacks:  0.000 (0.000) s
		Put xstacks:   0.000 (0.000) s
		Total:         0.000 s
	Correcting rays...
		Total:         0.000 s
	Time (rays): 0.001 s
Capturing (0 / 3323)...OK (0.000 s)
0 surfaces refined
Refining peculiar surfaces takes 0.001 s
-----------------------------------------------------------------------

-----------------------------------------------------------------------
Base mesh 1 Refining...
Collecting and processing rays:
	Adding rays...OK (0.000 s)
	new bricks = 0 / 3323
	new rays   = 0 (x=0, y=0, z=0)
	Processing rays...
		Rays process:  0.000 (0.000) s
		Sort xstacks:  0.000 (0.000) s
		Put xstacks:   0.000 (0.000) s
		Total:         0.000 s
	Correcting rays...
		Total:         0.000 s
	Time (rays): 0.001 s
Capturing (0 / 3323)...OK (0.000 s)
Refinement input: 3323 bricks
	Checking crit (1059 / 3323)...0 marked (0.000 s)
Refinement result (0 iterations): 3323 bricks (0.000 s)
-----------------------------------------------------------------------
Refining channels...
FYI: CNarrowChannelRefiner::RefineChannels_PRLL
Refinement input: 3323 bricks
	Time(refinement): 0.000 s
Setting regions (288 / 3575)...OK (0.000 s)
Refinement result (1 iterations): 3575 bricks (0.001 s)
Collecting and processing rays:
	Adding rays...OK (0.000 s)
	new bricks = 288 / 3575
	new rays   = 12 (x=3, y=9, z=0)
	Processing rays...
		Rays process:  0.000 (0.000) s
		Sort xstacks:  0.000 (0.000) s
		Put xstacks:   0.000 (0.000) s
		Total:         0.000 s
	Correcting rays...
		Lame vertices: 0.000 (0.001) s
		Bad rays:      0.000 (0.000) s
		Emit rays:     0.000 (0.000) s
		Correct ray f: 0.000 (0.000) s
		Undef:         0.000 (0.000) s
		Sum:           0.000 (0.001) s
		Total:         0.001 s
	Time (rays): 0.002 s
Capturing (288 / 3575)...OK (0.000 s)
FYI: m_iteration_count = 0
FYI: level1 statistics:
     level1_cnt_plus[1]=288;		level1_cnt_minus[1]=0
     level1_cnt_plus[2]=0;		level1_cnt_minus[2]=0
     level1_cnt_plus[3]=0;		level1_cnt_minus[3]=0
     level1_cnt_plus[4]=0;		level1_cnt_minus[4]=0
     level1_cnt_plus[5]=0;		level1_cnt_minus[5]=0
     level1_cnt_plus[6]=0;		level1_cnt_minus[6]=0
     level1_cnt_plus[7]=0;		level1_cnt_minus[7]=0
     level1_cnt_plus[8]=0;		level1_cnt_minus[8]=0
     level1_cnt_plus[9]=0;		level1_cnt_minus[9]=0
Refinement input: 3575 bricks
	Time(refinement): 0.000 s
Setting regions (80 / 3645)...OK (0.000 s)
Refinement result (1 iterations): 3645 bricks (0.001 s)
Collecting and processing rays:
	Adding rays...OK (0.000 s)
	new bricks = 80 / 3645
	new rays   = 0 (x=0, y=0, z=0)
	Processing rays...
		Rays process:  0.000 (0.000) s
		Sort xstacks:  0.000 (0.000) s
		Put xstacks:   0.000 (0.000) s
		Total:         0.000 s
	Correcting rays...
		Total:         0.000 s
	Time (rays): 0.001 s
Capturing (80 / 3645)...OK (0.000 s)
FYI: m_iteration_count = 1
FYI: level1 statistics:
     level1_cnt_plus[1]=368;		level1_cnt_minus[1]=0
     level1_cnt_plus[2]=0;		level1_cnt_minus[2]=0
     level1_cnt_plus[3]=0;		level1_cnt_minus[3]=0
     level1_cnt_plus[4]=0;		level1_cnt_minus[4]=0
     level1_cnt_plus[5]=0;		level1_cnt_minus[5]=0
     level1_cnt_plus[6]=0;		level1_cnt_minus[6]=0
     level1_cnt_plus[7]=0;		level1_cnt_minus[7]=0
     level1_cnt_plus[8]=0;		level1_cnt_minus[8]=0
     level1_cnt_plus[9]=0;		level1_cnt_minus[9]=0
Refinement input: 3645 bricks
	Time(refinement): 0.000 s
Setting regions (8 / 3652)...OK (0.000 s)
Refinement result (1 iterations): 3652 bricks (0.001 s)
Collecting and processing rays:
	Adding rays...OK (0.000 s)
	new bricks = 8 / 3652
	new rays   = 0 (x=0, y=0, z=0)
	Processing rays...
		Rays process:  0.000 (0.000) s
		Sort xstacks:  0.000 (0.000) s
		Put xstacks:   0.000 (0.000) s
		Total:         0.000 s
	Correcting rays...
		Total:         0.000 s
	Time (rays): 0.001 s
Capturing (8 / 3652)...OK (0.000 s)
FYI: m_iteration_count = 2
FYI: level1 statistics:
     level1_cnt_plus[1]=376;		level1_cnt_minus[1]=0
     level1_cnt_plus[2]=0;		level1_cnt_minus[2]=0
     level1_cnt_plus[3]=0;		level1_cnt_minus[3]=0
     level1_cnt_plus[4]=0;		level1_cnt_minus[4]=0
     level1_cnt_plus[5]=0;		level1_cnt_minus[5]=0
     level1_cnt_plus[6]=0;		level1_cnt_minus[6]=0
     level1_cnt_plus[7]=0;		level1_cnt_minus[7]=0
     level1_cnt_plus[8]=0;		level1_cnt_minus[8]=0
     level1_cnt_plus[9]=0;		level1_cnt_minus[9]=0
FYI: m_iteration_count = 3
FYI: level1 statistics:
     level1_cnt_plus[1]=376;		level1_cnt_minus[1]=0
     level1_cnt_plus[2]=0;		level1_cnt_minus[2]=0
     level1_cnt_plus[3]=0;		level1_cnt_minus[3]=0
     level1_cnt_plus[4]=0;		level1_cnt_minus[4]=0
     level1_cnt_plus[5]=0;		level1_cnt_minus[5]=0
     level1_cnt_plus[6]=0;		level1_cnt_minus[6]=0
     level1_cnt_plus[7]=0;		level1_cnt_minus[7]=0
     level1_cnt_plus[8]=0;		level1_cnt_minus[8]=0
     level1_cnt_plus[9]=0;		level1_cnt_minus[9]=0
Refinement input: 3652 bricks
	Time(refinement): 0.000 s
Setting regions (2008 / 5409)...OK (0.000 s)
Refinement result (1 iterations): 5409 bricks (0.001 s)
Collecting and processing rays:
	Adding rays...OK (0.000 s)
	new bricks = 2008 / 5409
	new rays   = 76 (x=28, y=22, z=26)
	Processing rays...
		Rays process:  0.000 (0.000) s
		Sort xstacks:  0.000 (0.000) s
		Put xstacks:   0.000 (0.000) s
		Total:         0.000 s
	Correcting rays...
		Lame vertices: 0.002 (0.005) s
		Bad rays:      0.000 (0.000) s
		Emit rays:     0.000 (0.000) s
		Correct ray f: 0.000 (0.000) s
		Undef:         0.000 (0.000) s
		Sum:           0.002 (0.005) s
		Total:         0.002 s
	Time (rays): 0.003 s
Capturing (2008 / 5409)...OK (0.002 s)
FYI: m_iteration_count = 4
FYI: level1 statistics:
     level1_cnt_plus[1]=2384;		level1_cnt_minus[1]=0
     level1_cnt_plus[2]=0;		level1_cnt_minus[2]=0
     level1_cnt_plus[3]=0;		level1_cnt_minus[3]=0
     level1_cnt_plus[4]=0;		level1_cnt_minus[4]=0
     level1_cnt_plus[5]=0;		level1_cnt_minus[5]=0
     level1_cnt_plus[6]=0;		level1_cnt_minus[6]=0
     level1_cnt_plus[7]=0;		level1_cnt_minus[7]=0
     level1_cnt_plus[8]=0;		level1_cnt_minus[8]=0
     level1_cnt_plus[9]=0;		level1_cnt_minus[9]=0
Refinement input: 5409 bricks
	Time(refinement): 0.000 s
Setting regions (8 / 5416)...OK (0.000 s)
Refinement result (1 iterations): 5416 bricks (0.001 s)
Collecting and processing rays:
	Adding rays...OK (0.000 s)
	new bricks = 8 / 5416
	new rays   = 0 (x=0, y=0, z=0)
	Processing rays...
		Rays process:  0.000 (0.000) s
		Sort xstacks:  0.000 (0.000) s
		Put xstacks:   0.000 (0.000) s
		Total:         0.000 s
	Correcting rays...
		Total:         0.000 s
	Time (rays): 0.001 s
Capturing (8 / 5416)...OK (0.000 s)
FYI: m_iteration_count = 5
FYI: level1 statistics:
     level1_cnt_plus[1]=2392;		level1_cnt_minus[1]=0
     level1_cnt_plus[2]=0;		level1_cnt_minus[2]=0
     level1_cnt_plus[3]=0;		level1_cnt_minus[3]=0
     level1_cnt_plus[4]=0;		level1_cnt_minus[4]=0
     level1_cnt_plus[5]=0;		level1_cnt_minus[5]=0
     level1_cnt_plus[6]=0;		level1_cnt_minus[6]=0
     level1_cnt_plus[7]=0;		level1_cnt_minus[7]=0
     level1_cnt_plus[8]=0;		level1_cnt_minus[8]=0
     level1_cnt_plus[9]=0;		level1_cnt_minus[9]=0
Refinement input: 5416 bricks
	Time(refinement): 0.000 s
Setting regions (8 / 5423)...OK (0.000 s)
Refinement result (1 iterations): 5423 bricks (0.001 s)
Collecting and processing rays:
	Adding rays...OK (0.000 s)
	new bricks = 8 / 5423
	new rays   = 0 (x=0, y=0, z=0)
	Processing rays...
		Rays process:  0.000 (0.000) s
		Sort xstacks:  0.000 (0.000) s
		Put xstacks:   0.000 (0.000) s
		Total:         0.000 s
	Correcting rays...
		Total:         0.000 s
	Time (rays): 0.001 s
Capturing (8 / 5423)...OK (0.000 s)
FYI: m_iteration_count = 6
FYI: level1 statistics:
     level1_cnt_plus[1]=2400;		level1_cnt_minus[1]=0
     level1_cnt_plus[2]=0;		level1_cnt_minus[2]=0
     level1_cnt_plus[3]=0;		level1_cnt_minus[3]=0
     level1_cnt_plus[4]=0;		level1_cnt_minus[4]=0
     level1_cnt_plus[5]=0;		level1_cnt_minus[5]=0
     level1_cnt_plus[6]=0;		level1_cnt_minus[6]=0
     level1_cnt_plus[7]=0;		level1_cnt_minus[7]=0
     level1_cnt_plus[8]=0;		level1_cnt_minus[8]=0
     level1_cnt_plus[9]=0;		level1_cnt_minus[9]=0
FYI: m_iteration_count = 7
FYI: level1 statistics:
     level1_cnt_plus[1]=2400;		level1_cnt_minus[1]=0
     level1_cnt_plus[2]=0;		level1_cnt_minus[2]=0
     level1_cnt_plus[3]=0;		level1_cnt_minus[3]=0
     level1_cnt_plus[4]=0;		level1_cnt_minus[4]=0
     level1_cnt_plus[5]=0;		level1_cnt_minus[5]=0
     level1_cnt_plus[6]=0;		level1_cnt_minus[6]=0
     level1_cnt_plus[7]=0;		level1_cnt_minus[7]=0
     level1_cnt_plus[8]=0;		level1_cnt_minus[8]=0
     level1_cnt_plus[9]=0;		level1_cnt_minus[9]=0
FYI: level1 statistics:
     level1_cnt_plus[1]=2400;		level1_cnt_minus[1]=0
     level1_cnt_plus[2]=0;		level1_cnt_minus[2]=0
     level1_cnt_plus[3]=0;		level1_cnt_minus[3]=0
     level1_cnt_plus[4]=0;		level1_cnt_minus[4]=0
     level1_cnt_plus[5]=0;		level1_cnt_minus[5]=0
     level1_cnt_plus[6]=0;		level1_cnt_minus[6]=0
     level1_cnt_plus[7]=0;		level1_cnt_minus[7]=0
     level1_cnt_plus[8]=0;		level1_cnt_minus[8]=0
     level1_cnt_plus[9]=0;		level1_cnt_minus[9]=0
Refining channels...
FYI: CNarrowChannelRefiner::RefineChannels_PRLL
Refinement input: 5423 bricks
	Time(refinement): 0.000 s
Setting regions (8 / 5430)...OK (0.000 s)
Refinement result (1 iterations): 5430 bricks (0.001 s)
Collecting and processing rays:
	Adding rays...OK (0.000 s)
	new bricks = 8 / 5430
	new rays   = 0 (x=0, y=0, z=0)
	Processing rays...
		Rays process:  0.000 (0.000) s
		Sort xstacks:  0.000 (0.000) s
		Put xstacks:   0.000 (0.000) s
		Total:         0.000 s
	Correcting rays...
		Total:         0.000 s
	Time (rays): 0.001 s
Capturing (8 / 5430)...OK (0.000 s)
FYI: m_iteration_count = 0
FYI: level1 statistics:
     level1_cnt_plus[1]=3828;		level1_cnt_minus[1]=0
     level1_cnt_plus[2]=8;		level1_cnt_minus[2]=0
     level1_cnt_plus[3]=0;		level1_cnt_minus[3]=0
     level1_cnt_plus[4]=0;		level1_cnt_minus[4]=0
     level1_cnt_plus[5]=0;		level1_cnt_minus[5]=0
     level1_cnt_plus[6]=0;		level1_cnt_minus[6]=0
     level1_cnt_plus[7]=0;		level1_cnt_minus[7]=0
     level1_cnt_plus[8]=0;		level1_cnt_minus[8]=0
     level1_cnt_plus[9]=0;		level1_cnt_minus[9]=0
FYI: m_iteration_count = 1
FYI: level1 statistics:
     level1_cnt_plus[1]=3828;		level1_cnt_minus[1]=0
     level1_cnt_plus[2]=8;		level1_cnt_minus[2]=0
     level1_cnt_plus[3]=0;		level1_cnt_minus[3]=0
     level1_cnt_plus[4]=0;		level1_cnt_minus[4]=0
     level1_cnt_plus[5]=0;		level1_cnt_minus[5]=0
     level1_cnt_plus[6]=0;		level1_cnt_minus[6]=0
     level1_cnt_plus[7]=0;		level1_cnt_minus[7]=0
     level1_cnt_plus[8]=0;		level1_cnt_minus[8]=0
     level1_cnt_plus[9]=0;		level1_cnt_minus[9]=0
FYI: m_iteration_count = 2
FYI: level1 statistics:
     level1_cnt_plus[1]=3828;		level1_cnt_minus[1]=0
     level1_cnt_plus[2]=8;		level1_cnt_minus[2]=0
     level1_cnt_plus[3]=0;		level1_cnt_minus[3]=0
     level1_cnt_plus[4]=0;		level1_cnt_minus[4]=0
     level1_cnt_plus[5]=0;		level1_cnt_minus[5]=0
     level1_cnt_plus[6]=0;		level1_cnt_minus[6]=0
     level1_cnt_plus[7]=0;		level1_cnt_minus[7]=0
     level1_cnt_plus[8]=0;		level1_cnt_minus[8]=0
     level1_cnt_plus[9]=0;		level1_cnt_minus[9]=0
FYI: level1 statistics:
     level1_cnt_plus[1]=3828;		level1_cnt_minus[1]=0
     level1_cnt_plus[2]=8;		level1_cnt_minus[2]=0
     level1_cnt_plus[3]=0;		level1_cnt_minus[3]=0
     level1_cnt_plus[4]=0;		level1_cnt_minus[4]=0
     level1_cnt_plus[5]=0;		level1_cnt_minus[5]=0
     level1_cnt_plus[6]=0;		level1_cnt_minus[6]=0
     level1_cnt_plus[7]=0;		level1_cnt_minus[7]=0
     level1_cnt_plus[8]=0;		level1_cnt_minus[8]=0
     level1_cnt_plus[9]=0;		level1_cnt_minus[9]=0

-----------------------------------------------------------------------
U-shapes refinement...
Refinement input: 5430 bricks
	Checking crit (870 / 5430)...0 marked (0.001 s)
Refinement result (0 iterations): 5430 bricks (0.001 s)
Collecting and processing rays:
	Adding rays...OK (0.000 s)
	new bricks = 0 / 5430
	new rays   = 0 (x=0, y=0, z=0)
	Processing rays...
		Rays process:  0.000 (0.000) s
		Sort xstacks:  0.000 (0.000) s
		Put xstacks:   0.000 (0.000) s
		Total:         0.000 s
	Correcting rays...
		Total:         0.000 s
	Time (rays): 0.001 s
Capturing (0 / 5430)...OK (0.000 s)
-----------------------------------------------------------------------

-----------------------------------------------------------------------
Equi Distant Refiner:
Equi Distant Refiner takes 0.00 s
-----------------------------------------------------------------------

/-Ray Intersection---------------/ Time	1.108 s
Calls                4437
CorrectRay Calls     0



-----------------------------------------------------------------------
Refining geometries takes 2.791 s
-----------------------------------------------------------------------
-----------------------------------------------------------------------
Memory Working Set Current = 353.28 Mb, Memory Working Set Peak = 382.04 Mb
Memory Private Bytes Current = 361.80 Mb, Memory Private Bytes Peak = 386.31 Mb
Process Threads Number: 10
-----------------------------------------------------------------------
Defect ray count	0
FYI: CNarrowChannelRefiner::RedistributeLevel1_step_1: is started
FYI: CNarrowChannelRefiner::RedistributeLevel1_step_1: is finished (0.006 s)
FYI: level1 statistics:
     level1_cnt_plus[1]=272;		level1_cnt_minus[1]=0
     level1_cnt_plus[2]=3564;		level1_cnt_minus[2]=0
     level1_cnt_plus[3]=0;		level1_cnt_minus[3]=0
     level1_cnt_plus[4]=0;		level1_cnt_minus[4]=0
     level1_cnt_plus[5]=0;		level1_cnt_minus[5]=0
     level1_cnt_plus[6]=0;		level1_cnt_minus[6]=0
     level1_cnt_plus[7]=0;		level1_cnt_minus[7]=0
     level1_cnt_plus[8]=0;		level1_cnt_minus[8]=0
     level1_cnt_plus[9]=0;		level1_cnt_minus[9]=0
FYI: CNarrowChannelRefiner::RedistributeLevel1_step_2: is started
FYI: CNarrowChannelRefiner::RedistributeLevel1_step_2: is finished (0.150 s)
FYI: level1 statistics:
     level1_cnt_plus[1]=291;		level1_cnt_minus[1]=0
     level1_cnt_plus[2]=3810;		level1_cnt_minus[2]=0
     level1_cnt_plus[3]=0;		level1_cnt_minus[3]=0
     level1_cnt_plus[4]=0;		level1_cnt_minus[4]=0
     level1_cnt_plus[5]=0;		level1_cnt_minus[5]=0
     level1_cnt_plus[6]=0;		level1_cnt_minus[6]=0
     level1_cnt_plus[7]=0;		level1_cnt_minus[7]=0
     level1_cnt_plus[8]=0;		level1_cnt_minus[8]=0
     level1_cnt_plus[9]=0;		level1_cnt_minus[9]=0
FYI: CNarrowChannelRefiner::RedistributeLevel1_step_3: is started
FYI: CNarrowChannelRefiner::RedistributeLevel1_step_3: is finished (0.002 s)
RedistributeLevel1 takes:
FYI: level1 statistics:
     level1_cnt_plus[1]=291;		level1_cnt_minus[1]=634
     level1_cnt_plus[2]=3810;		level1_cnt_minus[2]=500
     level1_cnt_plus[3]=0;		level1_cnt_minus[3]=0
     level1_cnt_plus[4]=0;		level1_cnt_minus[4]=0
     level1_cnt_plus[5]=0;		level1_cnt_minus[5]=0
     level1_cnt_plus[6]=0;		level1_cnt_minus[6]=0
     level1_cnt_plus[7]=0;		level1_cnt_minus[7]=0
     level1_cnt_plus[8]=0;		level1_cnt_minus[8]=0
     level1_cnt_plus[9]=0;		level1_cnt_minus[9]=0
-----------------------------------------------------------------------
MSH format builder (Iteration 0)
-----------------------------------------------------------------------
Memory Working Set Current = 354.51 Mb, Memory Working Set Peak = 382.04 Mb
Memory Private Bytes Current = 361.93 Mb, Memory Private Bytes Peak = 386.31 Mb
Process Threads Number: 10
-----------------------------------------------------------------------
Total bricks count: 5430
-----------------------------------------------------------------------
MSH (Real Geometry) format constructor:
	Geom    Count = 3
	Bodyset Count = 3
	3D task
	Getting brick sets...OK (0.000 s)

	Min x-stack xeps = 2.02653e-05
	D / dh / eps [axis=0] = (0.2, 0.00614273, 6.14273e-06)
	D / dh / eps [axis=1] = (0.06, 0.00271411, 2.71411e-06)
	D / dh / eps [axis=2] = (0.2, 0.00613093, 6.13093e-06)
	Time (xeps): 0.000 s
Level 2
	Set (0)  size: 2280
ERROR! Assertion failed. Point P has geom from W point in correction of ribs. File:P:\NGP\source.core\brickparser_lib\ca_c_bp_1_ribs.cpp(785)
ERROR! Assertion failed. Point P has geom from W point in correction of ribs. File:P:\NGP\source.core\brickparser_lib\ca_c_bp_1_ribs.cpp(785)
ERROR! Assertion failed. Point P has geom from W point in correction of ribs. File:P:\NGP\source.core\brickparser_lib\ca_c_bp_1_ribs.cpp(785)
ERROR! Assertion failed. Point P has geom from W point in correction of ribs. File:P:\NGP\source.core\brickparser_lib\ca_c_bp_1_ribs.cpp(785)
ERROR! Assertion failed. Point P has geom from W point in correction of ribs. File:P:\NGP\source.core\brickparser_lib\ca_c_bp_1_ribs.cpp(785)
ERROR! Assertion failed. Point P has geom from W point in correction of ribs. File:P:\NGP\source.core\brickparser_lib\ca_c_bp_1_ribs.cpp(785)
ERROR! Assertion failed. Point P has geom from W point in correction of ribs. File:P:\NGP\source.core\brickparser_lib\ca_c_bp_1_ribs.cpp(785)
ERROR! Assertion failed. Point P has geom from W point in correction of ribs. File:P:\NGP\source.core\brickparser_lib\ca_c_bp_1_ribs.cpp(785)
ERROR! Assertion failed. Point P has geom from W point in correction of ribs. File:P:\NGP\source.core\brickparser_lib\ca_c_bp_1_ribs.cpp(785)
ERROR! Assertion failed. Point P has geom from W point in correction of ribs. File:P:\NGP\source.core\brickparser_lib\ca_c_bp_1_ribs.cpp(785)
... Skipping verbiage ... Total 20 lines
	Set (0)  time: 0.252 s
	Set (1)  size: 2280
ERROR! Assertion failed. Point P has geom from W point in correction of ribs. File:P:\NGP\source.core\brickparser_lib\ca_c_bp_1_ribs.cpp(785)
ERROR! Assertion failed. Point P has geom from W point in correction of ribs. File:P:\NGP\source.core\brickparser_lib\ca_c_bp_1_ribs.cpp(785)
ERROR! Assertion failed. Point P has geom from W point in correction of ribs. File:P:\NGP\source.core\brickparser_lib\ca_c_bp_1_ribs.cpp(785)
ERROR! Assertion failed. Point P has geom from W point in correction of ribs. File:P:\NGP\source.core\brickparser_lib\ca_c_bp_1_ribs.cpp(785)
ERROR! Assertion failed. Point P has geom from W point in correction of ribs. File:P:\NGP\source.core\brickparser_lib\ca_c_bp_1_ribs.cpp(785)
ERROR! Assertion failed. Point P has geom from W point in correction of ribs. File:P:\NGP\source.core\brickparser_lib\ca_c_bp_1_ribs.cpp(785)
ERROR! Assertion failed. Point P has geom from W point in correction of ribs. File:P:\NGP\source.core\brickparser_lib\ca_c_bp_1_ribs.cpp(785)
ERROR! Assertion failed. Point P has geom from W point in correction of ribs. File:P:\NGP\source.core\brickparser_lib\ca_c_bp_1_ribs.cpp(785)
ERROR! Assertion failed. Point P has geom from W point in correction of ribs. File:P:\NGP\source.core\brickparser_lib\ca_c_bp_1_ribs.cpp(785)
ERROR! Assertion failed. Point P has geom from W point in correction of ribs. File:P:\NGP\source.core\brickparser_lib\ca_c_bp_1_ribs.cpp(785)
... Skipping verbiage ... Total 20 lines
	Set (1)  time: 0.175 s
Level 1
	Set (0)  size: 354
	Set (0)  time: 0.003 s
	Set (1)  size: 356
	Set (1)  time: 0.003 s
Level 0
	Set (0)  size: 80
	Set (0)  time: 0.000 s
	Set (1)  size: 80
	Set (1)  time: 0.000 s

	Spread npq bricks...344 marked (0.002 s)

Result:
	Bricks number:                        5430

	Memory usage:                         2.587 MB
	Memory usage (per brick):             0.488 KB
	Construction time:                    0.439 s

	Topology features:
	------------------
	- High quality bricks                   93.96 % (5102)
	- Medium quality bricks                  4.48 % (243)
	- Bad quality bricks                     1.57 % (85)
	- NPQ bricks                            32.28 % (1753)
	- Type-1 bricks                         72.50 % (3937)
	- Ribs corrected bricks                 27.40 % (1488)
	- Points with geom-info (bricks)         5.52 % (300)
	- Points with closest-info (bricks)      0.00 % (0)
	- Triangulated by center (bricks)        4.60 % (250)
	- Facet w-faces mergings (bricks)        0.00 % (0)
	- To refine (bricks)                     1.57 % (85)
	- Points-count                           0.00 % (0)
	- T-self-intersection-all (bricks)       0.00 % (0)
	- T-self-intersection-simple (bricks)    0.00 % (0)
	- T-self-intersection-complex (bricks)   0.00 % (0)
	- NPQ by reason 1 u-shape                2.25 % (122)
	- NPQ by reason 2 tri-by-ctr             0.06 % (3)
	- NPQ by reason 3 ray-correction         0.00 % (0)
	- NPQ by reason 4 t-self-intersection    0.00 % (0)
	- NPQ by reason 5 non-good               6.04 % (328)
	- NPQ by reason 6 npq-worker             0.00 % (0)

-----------------------------------------------------------------------
Memory Working Set Current = 368.75 Mb, Memory Working Set Peak = 382.04 Mb
Memory Private Bytes Current = 376.05 Mb, Memory Private Bytes Peak = 386.31 Mb
Process Threads Number: 10
-----------------------------------------------------------------------
-----------------------------------------------------------------------
-----------------------------------------------------------------------
Bricks to refine: 65
-----------------------------------------------------------------------
Refinement based on MSH format...
Refinement input: 5430 bricks
	Checking crit (870 / 5430)...65 marked (0.000 s)
	Time(refinement): 0.000 s
Setting regions (616 / 5969)...OK (0.000 s)
Collecting and processing rays:
	Adding rays...OK (0.000 s)
	new bricks = 616 / 5969
	new rays   = 49 (x=0, y=49, z=0)
	Processing rays...
		Rays process:  0.000 (0.000) s
		Sort xstacks:  0.000 (0.000) s
		Put xstacks:   0.000 (0.000) s
		Total:         0.000 s
	Correcting rays...
		Lame vertices: 0.001 (0.002) s
		Bad rays:      0.000 (0.000) s
		Emit rays:     0.000 (0.000) s
		Correct ray f: 0.000 (0.000) s
		Undef:         0.000 (0.000) s
		Sum:           0.001 (0.002) s
		Total:         0.001 s
	Time (rays): 0.002 s
Capturing (616 / 5969)...OK (0.001 s)
Refinement result (1 iterations): 5969 bricks (0.006 s)

/-Ray Intersection---------------/ Time	0.000 s
Calls                147
CorrectRay Calls     0


Mesh refinement:OK (539 new bricks)
-----------------------------------------------------------------------
MSH format builder (Iteration 1)
-----------------------------------------------------------------------
Memory Working Set Current = 368.95 Mb, Memory Working Set Peak = 382.04 Mb
Memory Private Bytes Current = 376.34 Mb, Memory Private Bytes Peak = 386.31 Mb
Process Threads Number: 10
-----------------------------------------------------------------------
Total bricks count: 5969
-----------------------------------------------------------------------
MSH (Real Geometry) format constructor:
	Geom    Count = 3
	Bodyset Count = 3
	3D task
Bricks (no mbrick):       616
Bricks (undefined init):  1270
Bricks (undefined final): 1328
	Getting brick sets...OK (0.000 s)

	Min x-stack xeps = 2.02653e-05
	D / dh / eps [axis=0] = (0.2, 0.00614273, 6.14273e-06)
	D / dh / eps [axis=1] = (0.06, 0.00271411, 2.71411e-06)
	D / dh / eps [axis=2] = (0.2, 0.00613093, 6.13093e-06)
	Time (xeps): 0.000 s
Level 2
	Set (0)  size: 483
ERROR! Assertion failed. Point P has geom from W point in correction of ribs. File:P:\NGP\source.core\brickparser_lib\ca_c_bp_1_ribs.cpp(785)
ERROR! Assertion failed. Point P has geom from W point in correction of ribs. File:P:\NGP\source.core\brickparser_lib\ca_c_bp_1_ribs.cpp(785)
	Set (0)  time: 0.005 s
	Set (1)  size: 483
ERROR! Assertion failed. Point P has geom from W point in correction of ribs. File:P:\NGP\source.core\brickparser_lib\ca_c_bp_1_ribs.cpp(785)
ERROR! Assertion failed. Point P has geom from W point in correction of ribs. File:P:\NGP\source.core\brickparser_lib\ca_c_bp_1_ribs.cpp(785)
	Set (1)  time: 0.005 s
Level 1
	Set (0)  size: 171
	Set (0)  time: 0.036 s
	Set (1)  size: 158
	Set (1)  time: 0.048 s
Level 0
	Set (0)  size: 18
	Set (0)  time: 0.000 s
	Set (1)  size: 15
	Set (1)  time: 0.000 s

	Spread npq bricks...62 marked (0.001 s)

Result:
	Bricks number:                        1328

	Memory usage:                         2.653 MB
	Memory usage (per brick):             0.455 KB
	Construction time:                    0.099 s

	Topology features:
	------------------
	- High quality bricks                   98.12 % (1303)
	- Medium quality bricks                  0.23 % (3)
	- Bad quality bricks                     1.66 % (22)
	- NPQ bricks                            20.11 % (267)
	- Type-1 bricks                         34.41 % (457)
	- Ribs corrected bricks                 17.62 % (234)
	- Points with geom-info (bricks)         0.83 % (11)
	- Points with closest-info (bricks)      0.00 % (0)
	- Triangulated by center (bricks)        0.53 % (7)
	- Facet w-faces mergings (bricks)        0.00 % (0)
	- To refine (bricks)                     1.66 % (22)
	- Points-count                           0.00 % (0)
	- T-self-intersection-all (bricks)       0.00 % (0)
	- T-self-intersection-simple (bricks)    0.00 % (0)
	- T-self-intersection-complex (bricks)   0.00 % (0)
	- NPQ by reason 1 u-shape                0.60 % (8)
	- NPQ by reason 2 tri-by-ctr             0.30 % (4)
	- NPQ by reason 3 ray-correction         0.00 % (0)
	- NPQ by reason 4 t-self-intersection    0.00 % (0)
	- NPQ by reason 5 non-good               1.88 % (25)
	- NPQ by reason 6 npq-worker             0.00 % (0)

-----------------------------------------------------------------------
Memory Working Set Current = 369.29 Mb, Memory Working Set Peak = 382.04 Mb
Memory Private Bytes Current = 376.39 Mb, Memory Private Bytes Peak = 386.31 Mb
Process Threads Number: 10
-----------------------------------------------------------------------
-----------------------------------------------------------------------
-----------------------------------------------------------------------
Bricks to refine: 20
-----------------------------------------------------------------------
Refinement based on MSH format...
Refinement input: 5969 bricks
	Checking crit (889 / 5969)...20 marked (0.000 s)
	Time(refinement): 0.000 s
Setting regions (168 / 6116)...OK (0.000 s)
Collecting and processing rays:
	Adding rays...OK (0.000 s)
	new bricks = 168 / 6116
	new rays   = 8 (x=0, y=8, z=0)
	Processing rays...
		Rays process:  0.000 (0.000) s
		Sort xstacks:  0.000 (0.000) s
		Put xstacks:   0.000 (0.000) s
		Total:         0.000 s
	Correcting rays...
		Lame vertices: 0.000 (0.000) s
		Bad rays:      0.000 (0.000) s
		Emit rays:     0.000 (0.000) s
		Correct ray f: 0.000 (0.000) s
		Undef:         0.000 (0.000) s
		Sum:           0.000 (0.000) s
		Total:         0.001 s
	Time (rays): 0.001 s
Capturing (168 / 6116)...OK (0.000 s)
Refinement result (1 iterations): 6116 bricks (0.004 s)

/-Ray Intersection---------------/ Time	0.000 s
Calls                24
CorrectRay Calls     0


Mesh refinement:OK (147 new bricks)
-----------------------------------------------------------------------
MSH format builder (Iteration 2)
-----------------------------------------------------------------------
Memory Working Set Current = 369.38 Mb, Memory Working Set Peak = 382.04 Mb
Memory Private Bytes Current = 376.45 Mb, Memory Private Bytes Peak = 386.31 Mb
Process Threads Number: 10
-----------------------------------------------------------------------
Total bricks count: 6116
-----------------------------------------------------------------------
MSH (Real Geometry) format constructor:
	Geom    Count = 3
	Bodyset Count = 3
	3D task
Bricks (no mbrick):       168
Bricks (undefined init):  448
Bricks (undefined final): 500
	Getting brick sets...OK (0.000 s)

	Min x-stack xeps = 2.02653e-05
	D / dh / eps [axis=0] = (0.2, 0.00614273, 6.14273e-06)
	D / dh / eps [axis=1] = (0.06, 0.00271411, 2.71411e-06)
	D / dh / eps [axis=2] = (0.2, 0.00613093, 6.13093e-06)
	Time (xeps): 0.000 s
Level 2
	Set (0)  size: 195
	Set (0)  time: 0.003 s
	Set (1)  size: 195
	Set (1)  time: 0.003 s
Level 1
	Set (0)  size: 54
	Set (0)  time: 0.001 s
	Set (1)  size: 47
	Set (1)  time: 0.001 s
Level 0
	Set (0)  size: 6
	Set (0)  time: 0.000 s
	Set (1)  size: 3
	Set (1)  time: 0.000 s

	Spread npq bricks...29 marked (0.001 s)

Result:
	Bricks number:                        500

	Memory usage:                         2.666 MB
	Memory usage (per brick):             0.446 KB
	Construction time:                    0.012 s

	Topology features:
	------------------
	- High quality bricks                   96.60 % (483)
	- Medium quality bricks                  1.20 % (6)
	- Bad quality bricks                     2.20 % (11)
	- NPQ bricks                            21.40 % (107)
	- Type-1 bricks                         40.80 % (204)
	- Ribs corrected bricks                 18.00 % (90)
	- Points with geom-info (bricks)         2.20 % (11)
	- Points with closest-info (bricks)      0.00 % (0)
	- Triangulated by center (bricks)        1.60 % (8)
	- Facet w-faces mergings (bricks)        0.00 % (0)
	- To refine (bricks)                     2.20 % (11)
	- Points-count                           0.00 % (0)
	- T-self-intersection-all (bricks)       0.00 % (0)
	- T-self-intersection-simple (bricks)    0.00 % (0)
	- T-self-intersection-complex (bricks)   0.00 % (0)
	- NPQ by reason 1 u-shape                0.40 % (2)
	- NPQ by reason 2 tri-by-ctr             0.40 % (2)
	- NPQ by reason 3 ray-correction         0.00 % (0)
	- NPQ by reason 4 t-self-intersection    0.00 % (0)
	- NPQ by reason 5 non-good               3.40 % (17)
	- NPQ by reason 6 npq-worker             0.00 % (0)

-----------------------------------------------------------------------
Memory Working Set Current = 369.57 Mb, Memory Working Set Peak = 382.04 Mb
Memory Private Bytes Current = 376.48 Mb, Memory Private Bytes Peak = 386.31 Mb
Process Threads Number: 10
-----------------------------------------------------------------------
-----------------------------------------------------------------------
msh-iterations: 3
-----------------------------------------------------------------------
high---q-brick-count =  95.57 % (6116 5845)
medium-q-brick-count =   3.92 % (6116 240)
bad----q-brick-count =   0.51 % (6116 31)
np-----q-brick-count =  34.92 % (6116 2136)
-----------------------------------------------------------------------
Free brick parser storage...OK(0.001 s)
-----------------------------------------------------------------------
Memory Working Set Current = 369.61 Mb, Memory Working Set Peak = 382.04 Mb
Memory Private Bytes Current = 376.48 Mb, Memory Private Bytes Peak = 386.31 Mb
Process Threads Number: 10
-----------------------------------------------------------------------
-----------------------------------------------------------------------
MSH --> BCF format (Iteration 0)...
BCF collector...(remove mode=0)
	Time (alloc counter per brick): 0.001 s
	Brick    count: 6116
	Av.f all count: 4678
	Av.s all count: 2722
	Av.f pid count: 4597
	Av.s pid count: 830
	Faces fs count: 5409
	Faces ff count: 172
	Faces ss count: 0
	Faces bb count: 1939
	Faces fe count: 615
	Faces se count: 555
	Faces fw count: 6751
	Faces af count: 12460
	Faces as count: 6718
	Time (all count): 	0.003 s
	Time (bcf alloc): 	0.001 s
	Time (shifts alloc): 	0.001 s
	Time (shifts init): 	0.001 s
	Time (bcf fill): 	0.004 s
	Time (add av to faces): 0.000 s
	Time (add faces to av): 0.001 s
Time (bcf collect): 		0.012 s
	AV checker...
		Hole marker...
			Subdomains:               9.
			Subdomains (cond):      749.
			Time (sd):      0.000 s.
			Time (sd_cond): 0.001 s.
			Time (potential-hole marking): 	0.001 s
			Time (hole checking): 0.000 s.
			0 av(s) are marked to fill subdomain holes.
		Time (hole marker): 0.003 s.
	Time (check av): 	0.006 s
		Defect av (found/total)  13 / 7400
		Defect av (no a-faces)   0
		Defect av (zero volume)  0
		Defect av (disbalance)   8
		Defect av (nb disbalance)5
		Defect av (bad dir)      0
		Defect av (thin gap)     0
		Defect av (hole)         0
		Defect av (ff)           0
	Time (add corr info): 	0.000 s
Free bcf...            OK	Time=0.000 s
	Time (corr msh): 	0.000 s
	Bricks corrected: 12
Time (bcf iteration total): 	0.020 s
-----------------------------------------------------------------------
MSH --> BCF format (Iteration 1)...
BCF collector...(remove mode=0)
	Time (alloc counter per brick): 0.000 s
	Brick    count: 6116
	Av.f all count: 4686
	Av.s all count: 2710
	Av.f pid count: 4593
	Av.s pid count: 826
	Faces fs count: 5417
	Faces ff count: 172
	Faces ss count: 0
	Faces bb count: 1971
	Faces fe count: 616
	Faces se count: 554
	Faces fw count: 6759
	Faces af count: 12490
	Faces as count: 6652
	Time (all count): 	0.003 s
	Time (bcf alloc): 	0.000 s
	Time (shifts alloc): 	0.000 s
	Time (shifts init): 	0.000 s
	Time (bcf fill): 	0.004 s
	Time (add av to faces): 0.000 s
	Time (add faces to av): 0.001 s
Time (bcf collect): 		0.010 s
	AV checker...
		Hole marker...
			Subdomains:               9.
			Subdomains (cond):      745.
			Time (sd):      0.000 s.
			Time (sd_cond): 0.001 s.
			Time (potential-hole marking): 	0.001 s
			Time (hole checking): 0.000 s.
			0 av(s) are marked to fill subdomain holes.
		Time (hole marker): 0.003 s.
	Time (check av): 	0.005 s
	Subdomain checker...
		Subdomains construction time: 0.001 s.
		Subdomains sort time: 0.000 s.
			Subdomain 0 (geom_ind=0): 4654 av
			Subdomain 1 (geom_ind=1): 4 av
			Subdomain 2 (geom_ind=1): 4 av
			Subdomain 3 (geom_ind=1): 4 av
			Subdomain 4 (geom_ind=1): 4 av
			Subdomain 5 (geom_ind=1): 4 av
			Subdomain 6 (geom_ind=1): 4 av
			Subdomain 7 (geom_ind=1): 4 av
			Subdomain 8 (geom_ind=1): 4 av
			Subdomain 9 (geom_ind=2): 1877 av
			...
			Subdomain 46 (geom_ind=2): 1 av
		gi: 0, real bodies: 1
		gi: 0, subdomains:  1
		gi: 1, real bodies: 1
		gi: 1, subdomains:  8
		Defect subdomains by real bodies count: 7
		gi: 2, real bodies: 1
		gi: 2, subdomains:  38
		Defect subdomains by real bodies count: 28
		Defect subdomains (by ff): 1
		Defect subdomains: 36
	Time (check subdoms): 	0.003 s
Free bcf...            OK	Time=0.000 s
	Time (corr msh): 	0.001 s
	Bricks corrected: 144
Time (bcf iteration total): 	0.020 s
-----------------------------------------------------------------------
MSH --> BCF format (Iteration 2)...
BCF collector...(remove mode=0)
	Time (alloc counter per brick): 0.000 s
	Brick    count: 6116
	Av.f all count: 4670
	Av.s all count: 2598
	Av.f pid count: 4465
	Av.s pid count: 731
	Faces fs count: 4964
	Faces ff count: 0
	Faces ss count: 0
	Faces bb count: 1880
	Faces fe count: 617
	Faces se count: 553
	Faces fw count: 6134
	Faces af count: 12569
	Faces as count: 6536
	Time (all count): 	0.003 s
	Time (bcf alloc): 	0.000 s
	Time (shifts alloc): 	0.000 s
	Time (shifts init): 	0.000 s
	Time (bcf fill): 	0.004 s
	Time (add av to faces): 0.000 s
	Time (add faces to av): 0.001 s
Time (bcf collect): 		0.010 s
	AV checker...
		Hole marker...
			Subdomains:               1.
			Subdomains (cond):      746.
			Time (sd):      0.000 s.
			Time (sd_cond): 0.000 s.
			Time (potential-hole marking): 	0.001 s
			Time (hole checking): 0.000 s.
			0 av(s) are marked to fill subdomain holes.
		Time (hole marker): 0.003 s.
	Time (check av): 	0.005 s
	Subdomain checker...
		Subdomains construction time: 0.001 s.
		Subdomains sort time: 0.000 s.
			Subdomain 0 (geom_ind=0): 4670 av
			Subdomain 1 (geom_ind=2): 1877 av
			Subdomain 2 (geom_ind=2): 624 av
			Subdomain 3 (geom_ind=2): 18 av
			Subdomain 4 (geom_ind=2): 12 av
			Subdomain 5 (geom_ind=2): 12 av
			Subdomain 6 (geom_ind=2): 12 av
			Subdomain 7 (geom_ind=2): 12 av
			Subdomain 8 (geom_ind=2): 12 av
			Subdomain 9 (geom_ind=2): 10 av
			Subdomain 10 (geom_ind=2): 9 av
		gi: 0, real bodies: 1
		gi: 0, subdomains:  1
		gi: 1, real bodies: 1
		gi: 1, subdomains:  0
			WARNING! Number of subdomains less than real bodies count.
		gi: 2, real bodies: 1
		gi: 2, subdomains:  10
		Defect subdomains: 0
	Time (check subdoms): 	0.002 s
Time (bcf iteration total): 	0.018 s
	Time (fw-nb): 		0.002 s
	Fixed mutual fw-nb:     4825 (bb: 2295)
	Time (fw-nb mutual): 	0.001 s
	Time (fw-nb sort): 	0.000 s
	Fw-opt BEFORE total:    6134 (fs=4964, ff=0, ss=0)
	Fw-opt AFTER  total:    5558 (fs=4388, ff=0, ss=0, failed fw/br=68/5, big_curv=68, big_poly=0)
	Fw-opt RESULT:          576 (res/(fs+ff+ss) = 11.60 %)
	Time (fw-opt): 		0.001 s
	Time (fw-re-order): 	0.000 s
	Time (fw-nb): 		0.010 s
	Fixed mutual fw-nb:     10554 (bb: 3983)
	Time (fw-nb mutual): 	0.001 s
	Time (fw-nb sort): 	0.000 s
	Time (rfd fix): 	0.000 s
	Time (av convexity): 	0.002 s
	Time (av small volume): 0.000 s
	Time (diagonal fw-nb): 	0.008 s
	Fixed mutual fw-nb:     0 (bb: 0)
	Time (fw-nb mutual): 	0.001 s
	Time (fw-nb sort): 	0.000 s
	Fluid subdomains: 1
	Faces fw-nb diff sd:    0
	Time (fw-nb diff sd): 	0.001 s
Time (bcf calc): 		0.031 s
-----------------------------------------------------------------------
Time (bcf total): 		0.090 s
-----------------------------------------------------------------------
bcf-iterations: 3
-----------------------------------------------------------------------
-----------------------------------------------------------------------
Mega-cv constructor for fluid...
	 0 av's is treated as thin
Relative size generator (threshold = 0.05)...
	Iteration 1 (small cluster count = 417)
	Iteration 2 (small cluster count = 240)
	Iteration 3 (small cluster count = 72)
	Iteration 4 (small cluster count = 17)
	Iteration 5 (small cluster count = 1)
	Iteration 6 (small cluster count = 0)
	 417 mega-cv's generated
	 0 mega-cv's removed
Relative size generator is completed OK (0.002 s)
Apply fa-rules to mega-cv clusters fixes...
OK (0.000 s)
Convert clusters:
	 417 mega-cv's total
Mega-cv count: 417
Time (mega-cv fill): 	0.001 s
Time (mega-cv total): 	0.007 s
-----------------------------------------------------------------------
Mixing plane rotation regions: FOUND.
Sliding mesh rotation regions: NO.
Fluid/fluid faces: NO.
-----------------------------------------------------------------------
Memory Working Set Current = 375.54 Mb, Memory Working Set Peak = 382.04 Mb
Memory Private Bytes Current = 381.15 Mb, Memory Private Bytes Peak = 386.31 Mb
Process Threads Number: 10
-----------------------------------------------------------------------
----------------------------------------------------------
BCF --> BCF.GEOMSUBDOM (bridge arrays):
MESH (0):
	Fluid Subdom Constructor: 1 subdom(s).
	Solid Subdom Constructor: 10 subdom(s).
	Net Asm Subdom Constructor: 0 subdom(s).
	GEOMSUBDOM (0): gi=0 Fluid av=4670 cv=4253 fa=12569 fb=0 fw=5005 V=5.468557e-04
	Cache data...OK
	GEOMSUBDOM (1): gi=2 Solid av=1877 cv=1877 fa=5258 fb=0 fw=2457 V=1.836880e-03
	Cache data...OK
	GEOMSUBDOM (2): gi=2 Solid av=624 cv=624 fa=1143 fb=0 fw=2172 V=1.607965e-05
	Cache data...OK
	GEOMSUBDOM (3): gi=2 Solid av=10 cv=10 fa=13 fb=0 fw=25 V=1.139022e-10
	Cache data...OK
	GEOMSUBDOM (4): gi=2 Solid av=12 cv=12 fa=16 fb=0 fw=56 V=2.188942e-10
	Cache data...OK
	GEOMSUBDOM (5): gi=2 Solid av=12 cv=12 fa=17 fb=0 fw=28 V=3.851947e-08
	Cache data...OK
	GEOMSUBDOM (6): gi=2 Solid av=12 cv=12 fa=17 fb=0 fw=35 V=3.063864e-08
	Cache data...OK
	GEOMSUBDOM (7): gi=2 Solid av=12 cv=12 fa=16 fb=0 fw=56 V=2.189378e-10
	Cache data...OK
	GEOMSUBDOM (8): gi=2 Solid av=18 cv=18 fa=27 fb=0 fw=50 V=7.029117e-08
	Cache data...OK
	GEOMSUBDOM (9): gi=2 Solid av=12 cv=12 fa=17 fb=0 fw=35 V=3.208128e-08
	Cache data...OK
	GEOMSUBDOM (10): gi=2 Solid av=9 cv=9 fa=12 fb=0 fw=27 V=1.271251e-08
	Cache data...OK
	Setting nb of w-faces...OK (0.002 s).
	Correcting nb of w-faces...
		geomsd (0): removed nb-nfw by brick-long-chain: 20.
		geomsd (0): time=0.003 s
		geomsd (1): removed nb-nfw by brick-long-chain: 16.
		geomsd (1): time=0.000 s
	Time(correct_fw_nb)=0.004 s

MESH (0) checking:
	GEOMSUBDOM (0):fa_s=0.2990983378834211 fb_s=0.0000000000000000 fw_s=0.1150464373640895 fw_nb=39774
	              :d_const(1026)=1.0717e-16 d_linear(2533)=1.22765e-14
	GEOMSUBDOM (1):fa_s=0.3938067360689533 fb_s=0.0000000000000000 fw_s=0.1573704569273035 fw_nb=10066
	              :d_const(1323)=5.33511e-17 d_linear(1293)=1.54195e-12
	GEOMSUBDOM (2):fa_s=0.0056037195984371 fb_s=0.0000000000000000 fw_s=0.0338590956245298 fw_nb=24320
	              :d_const(88)=3.08743e-16 d_linear(622)=1.82591e-11
	GEOMSUBDOM (3):fa_s=0.0000315556122746 fb_s=0.0000000000000000 fw_s=0.0000629936120761 fw_nb=214
	              :d_const(9)=5.39124e-17 d_linear(8)=1.70311e-12
	GEOMSUBDOM (4):fa_s=0.0000657689013697 fb_s=0.0000000000000000 fw_s=0.0001314572839675 fw_nb=604
	              :d_const(8)=6.70217e-17 d_linear(7)=8.5637e-13
	GEOMSUBDOM (5):fa_s=0.0000546547774426 fb_s=0.0000000000000000 fw_s=0.0001266689177932 fw_nb=214
	              :d_const(4)=9.65128e-17 d_linear(5)=3.61409e-12
	GEOMSUBDOM (6):fa_s=0.0000489483327514 fb_s=0.0000000000000000 fw_s=0.0001096030958628 fw_nb=326
	              :d_const(1)=1.37618e-16 d_linear(5)=7.3463e-12
	GEOMSUBDOM (7):fa_s=0.0000657749493818 fb_s=0.0000000000000000 fw_s=0.0001314693443464 fw_nb=604
	              :d_const(3)=1.0368e-16 d_linear(0)=1.01775e-12
	GEOMSUBDOM (8):fa_s=0.0001065965791665 fb_s=0.0000000000000000 fw_s=0.0002457536008153 fw_nb=452
	              :d_const(1)=1.27163e-16 d_linear(14)=9.76516e-12
	GEOMSUBDOM (9):fa_s=0.0000497868174317 fb_s=0.0000000000000000 fw_s=0.0001142881904678 fw_nb=326
	              :d_const(8)=1.39644e-16 d_linear(7)=9.73726e-12
	GEOMSUBDOM (10):fa_s=0.0000269903131127 fb_s=0.0000000000000000 fw_s=0.0000499501869545 fw_nb=234
	              :d_const(7)=6.69672e-17 d_linear(0)=4.62156e-12
MESH (0) checking: OK.
Time (MDS): 	0.021 s
----------------------------------------------------------
-----------------------------------------------------------------------
Memory Working Set Current = 377.27 Mb, Memory Working Set Peak = 382.04 Mb
Memory Private Bytes Current = 382.96 Mb, Memory Private Bytes Peak = 386.31 Mb
Process Threads Number: 10
-----------------------------------------------------------------------

-----------------------------------------------------------------------
BCF CHECKSUM DATA (Mesh 0):

WARNING! 1844 w-face(s) without RefFacesData.
BRICK |Level1| Sum:               9460
FACE_A Area Sum:   G.Fluid        0.2990983378834211
FACE_A Area Sum:   G.Solid        0.3998605319503214
FACE_W Area Sum:                  0.2176240870741032
FACE_W Nb   Sum:                  42258
FACE_W min curvatures sum:        -23542.54840776
FACE_W max curvatures sum:        4187113.11565268
AV Max Disbalance(Const) :        3.36811e-16 (cid=1522, t={5, 4, 9}, avid=5400, pid=229)
AV Max Disbalance(Linear):        1.82591e-11 (cid=5823, t={16, 1, 28}, avid=7055, pid=725)
-----------------------------------------------------------------------


-----------------------------------------------------------------------
MESHER TOPOLOGY DATA:

BRICKS: Total                 6116
BRICKS: Fluid                 4249
BRICKS: Fluid Partial         731
BRICKS: Type 1                4044
BRICKS: Max AV number         3

AV:     G.Total               7268
AV:     G.Fluid               4670
AV:     G.Solid               2598

AV:     G.Fluid Thin Profile    0.00 % (0)
AV:     G.Solid Thin Profile   16.20 % (421)

AV:     G.Fluid Thin For Mega   0.00 % (0)
AV:     G.Solid Thin For Mega  16.20 % (421)

AV:     G.Fluid Non-Convex      7.43 % (347)
AV:     G.Solid Non-Convex      6.08 % (158)

AV:     G.Fluid Non-Ess-Convex      6.42 % (300)
AV:     G.Solid Non-Ess-Convex      4.70 % (122)

FACE_A: G.Fluid          (af) 12569 (partially opened 6979)
FACE_A: G.Solid          (as) 6536 (partially opened 1287)

FACE_B: G.Total          (b)  0

FACE_W: G.Total                 5558        Brick/Bound
FACE_W: G.Fluid/Solid    (fs_g) 4388        1880        
FACE_W: G.Fluid/Fluid    (ff_g) 0           0           
FACE_W: G.Solid/Solid    (ss_g) 0           0           
FACE_W: G.Fluid/Void     (fv_g) 0           0           
FACE_W: G.Fluid/External (fe_g) 617
FACE_W: G.Solid/External (se_g) 553

AV/CV max fa count (on brick side):4
AV/CV max fw count:                4
AV/CV max fb count:                0
AV/CV max fw poly count:           20

MEMORY: Total                   2.990 MB
MEMORY: Per Brick               0.501 KB
-----------------------------------------------------------------------

-----------------------------------------------------------------------
Connectivities information:
	Number of conns: 0
-----------------------------------------------------------------------
	Time (gap size): 	0.005 s
-----------------------------------------------------------------------
Memory Working Set Current = 377.38 Mb, Memory Working Set Peak = 382.04 Mb
Memory Private Bytes Current = 383.10 Mb, Memory Private Bytes Peak = 386.31 Mb
Process Threads Number: 10
-----------------------------------------------------------------------
-----------------------------------------------------------------------
Calculating curvature and tolerance criteria...
Curvature: min=0 (cid=0) max=3.14159 (cid=171)
Tolerance: min=0 (cid=0) max=0.00591253 (cid=2708)
Calculating curvature and tolerance criteria takes 0.654 s
-----------------------------------------------------------------------
MESH Build(FS) finished. Time=4.328 s
-----------------------------------------------------------------------
Current CPU = 6 sec

Nx=8
Ny=5
Nz=8
Max BRICK Level=2
Mesh Level=2
-----------------CModelBodies2MeshMapper::CollectData started -------------------------------
	Time (collect mesh base data): 0.002 s.
	Time (collect model bodies mapping): 0.000 s.
	Time (collect positive bodies mapping): 0.000 s.
	Time (collect fluid bodies mapping): 0.000 s.
-----------------CModelBodies2MeshMapper Report -------------------------------
FluidDomains 1 SolidDomains 10 VoidDomains 0 
Domains RefIndexes
----------------- -------------------------------
	ModelBodies
Total resolved Bodies 3 BodySets 1
BodySet 0
	Bodies list:
			#0	Name: Housing-1/Fillet5;	ID: ae574d4d-8dc3-442f-91f5-994c3665a572
			#1	Name: Impeller-1/Cut-Extrude1;	ID: 1f19def3-368e-4d56-9d53-326ad305562f
			#2	Name: Housing top-1/CirPattern1;	ID: 854e6bca-a738-4f54-a0fe-eb455badb77a
	Domains list:mesh type	 (0, 1)		 2 		 1 		 8 		 4 		 10 		 6 		 5 		 9 		 7 		 3 


--------------------------------------------------------------------------
	Positive geometry Bodies
Total resolved Bodies 3 BodySets 2
BodySet 0
	Bodies list:
			#0	Name: ;	ID: fd14fa43-3201-4a3f-a5f5-d512423d7626
			#1	Name: ;	ID: ee9c3cd0-8ae7-4a43-b2e2-f7bf42edc975
	Domains list:mesh type	 (0, 1)		 0 

BodySet 1
	Bodies list:
			#0	Name: ;	ID: 05e842b6-cf14-4091-8be1-fd56ca07776c
	Domains list:mesh type	 (0, 1)		 8 		 4 		 10 		 2 		 6 		 5 		 1 		 9 		 7 		 3 

Warning: Single body produce multiple domains	BodyName: ;	ID: 05e842b6-cf14-4091-8be1-fd56ca07776c	Domans:8	4	10	2	6	5	1	9	7	3	

--------------------------------------------------------------------------
	Fluid regions
Total resolved Bodies 2 BodySets 1
BodySet 0	Material: Water; 
	Bodies list:
			#0	Name: ;	ID: fd14fa43-3201-4a3f-a5f5-d512423d7626
			#1	Name: ;	ID: ee9c3cd0-8ae7-4a43-b2e2-f7bf42edc975
	Domains list:mesh type	 (0, 1)		 0 


--------------------------------------------------------------------------
Collect data takes...0.010 s
-----------------CModelBodies2MeshMapper::CollectData finished successfully-------------------
Saving initial mesh in: X:\Water pump project\Epic Gamer Pump\SolidWorks native\2\2.fld .
Storing results...
	Estimated CPT size=1.867 MB.
	Time (write bcf): 0.991 s
Storing results takes 1.386 s
-----------------------------------------------------------------------
Memory Working Set Current = 378.91 Mb, Memory Working Set Peak = 382.04 Mb
Memory Private Bytes Current = 384.30 Mb, Memory Private Bytes Peak = 386.31 Mb
Process Threads Number: 10
-----------------------------------------------------------------------
Cleaning memory...
-----------------------------------------------------------------------
Start to free mesher data...
MMP (msh): locals=4, allc_sz=0.89 MB, used_sz=0.85 MB, blks-min-max=6/10
MMP (brx): locals=4, allc_sz=5.75 MB, used_sz=5.54 MB, blks-min-max=16/17
MMP (bcf): locals=4, allc_sz=5.48 MB, used_sz=5.27 MB, blks-min-max=18/33
MMP (xsl): locals=4, allc_sz=0.68 MB, used_sz=0.58 MB, blks-min-max=5/8
Free xsl...            OK	Time=0.001 s
Free ray collector...  OK	Time=0.000 s
Free ray intersector...OK	Time=0.000 s
Free body sets...      OK	Time=0.149 s
Free Geometry DB takes 0.000 s
Free mesh conn...      OK	Time=0.000 s
Free geomsd...         OK	Time=0.000 s
Free mbricks...        OK	Time=0.000 s
Free hash info...      OK	Time=0.000 s
Free bricks-x...       OK	Time=0.000 s
Free bcf...            OK	Time=0.000 s
Free mesh h...         OK	Time=0.000 s
Free bricks arr..      OK	Time=0.000 s
Free bricks tree...    OK	Time=0.000 s
Free mesh pools...     OK	Time=0.005 s
Free bodies mapper...  OK	Time=0.000 s
Free geom crits...     OK	Time=0.000 s
Free cpt regions...    OK	Time=0.000 s
Free peculiar surfs... OK	Time=0.000 s
Free sw-geometries...  OK	Time=0.000 s
Total free mesher data time: 0.159 s
-----------------------------------------------------------------------
Copying... OK
CPT size=1.366 MB (1432464 bytes).
Mesh generation normally finished at	1.10.2023	21:10:41
Mesher CPU = 8 sec
Mesher is finished at	1.10.2023	21:10:41
-----------------------------------------------------------------------
Memory Working Set Current = 59.14 Mb, Memory Working Set Peak = 382.04 Mb
Memory Private Bytes Current = 62.79 Mb, Memory Private Bytes Peak = 386.31 Mb
Process Threads Number: 10
-----------------------------------------------------------------------
Algebra Pool      : mem_usage = 0.19 Mb, allocated count = 0
-----------------------------------------------------------------------
Memory Working Set Current = 59.00 Mb, Memory Working Set Peak = 382.04 Mb
Memory Private Bytes Current = 62.67 Mb, Memory Private Bytes Peak = 386.31 Mb
Process Threads Number: 10
Process Threads Number Peak: 10
-----------------------------------------------------------------------
Log ended at 01.10.2023	21:10:41
